This file contains any messages produced by compilers while
running configure, to aid debugging if configure makes a mistake.

It was created by repkg_tools configure 1.0, which was
generated by GNU Autoconf 2.69.  Invocation command line was

  $ ./configure --prefix=/home/yangyufeng/modules/linux/tmp/repkg_tools/out

## --------- ##
## Platform. ##
## --------- ##

hostname = 121.7
uname -m = x86_64
uname -r = 3.13.0-32-generic
uname -s = Linux
uname -v = #57-Ubuntu SMP Tue Jul 15 03:51:08 UTC 2014

/usr/bin/uname -p = unknown
/bin/uname -X     = unknown

/bin/arch              = unknown
/usr/bin/arch -k       = unknown
/usr/convex/getsysinfo = unknown
/usr/bin/hostinfo      = unknown
/bin/machine           = unknown
/usr/bin/oslevel       = unknown
/bin/universe          = unknown

PATH: /home/root/bin/x86-arm/arm-hisiv200-linux/target/bin
PATH: /opt/jdk1.7.0_65/bin
PATH: /usr/local/sbin
PATH: /usr/local/bin
PATH: /usr/sbin
PATH: /usr/bin
PATH: /sbin
PATH: /bin
PATH: /usr/games
PATH: /usr/local/games
PATH: /opt/gnutools/arc2.3-p0/elf32-4.2.1/bin
PATH: /opt/gnutools/arc2.3-p0/uclibc-4.2.1/bin
PATH: .
PATH: /opt/arc-4.8-amlogic-20130904-r2/bin
PATH: /opt/CodeSourcery/Sourcery_G++_Lite/bin
PATH: /opt/CodeSourcery/Sourcery_G++_Lite/arm-none-eabi/bin
PATH: /opt/CodeSourcery/Sourcery_G++_Lite/arm-none-linux-gnueabi/bin
PATH: /opt/gcc-linaro-arm-linux-gnueabihf-4.9-2014.05_linux/bin
PATH: /opt/gcc-linaro-aarch64-linux-gnu-4.9-2014.09_linux/bin
PATH: /opt/gcc-linaro-aarch64-none-elf-4.8-2013.11_linux/bin


## ----------- ##
## Core tests. ##
## ----------- ##

configure:2636: checking for a BSD-compatible install
configure:2704: result: /usr/bin/install -c
configure:2715: checking whether build environment is sane
configure:2770: result: yes
configure:2921: checking for a thread-safe mkdir -p
configure:2960: result: /bin/mkdir -p
configure:2967: checking for gawk
configure:2983: found /usr/bin/gawk
configure:2994: result: gawk
configure:3005: checking whether make sets $(MAKE)
configure:3027: result: yes
configure:3056: checking whether make supports nested variables
configure:3073: result: yes
configure:3259: checking for g++
configure:3275: found /usr/bin/g++
configure:3286: result: g++
configure:3313: checking for C++ compiler version
configure:3322: g++ --version >&5
g++ (Ubuntu 4.8.4-2ubuntu1~14.04.3) 4.8.4
Copyright (C) 2013 Free Software Foundation, Inc.
This is free software; see the source for copying conditions.  There is NO
warranty; not even for MERCHANTABILITY or FITNESS FOR A PARTICULAR PURPOSE.

configure:3333: $? = 0
configure:3322: g++ -v >&5
Using built-in specs.
COLLECT_GCC=g++
COLLECT_LTO_WRAPPER=/usr/lib/gcc/x86_64-linux-gnu/4.8/lto-wrapper
Target: x86_64-linux-gnu
Configured with: ../src/configure -v --with-pkgversion='Ubuntu 4.8.4-2ubuntu1~14.04.3' --with-bugurl=file:///usr/share/doc/gcc-4.8/README.Bugs --enable-languages=c,c++,java,go,d,fortran,objc,obj-c++ --prefix=/usr --program-suffix=-4.8 --enable-shared --enable-linker-build-id --libexecdir=/usr/lib --without-included-gettext --enable-threads=posix --with-gxx-include-dir=/usr/include/c++/4.8 --libdir=/usr/lib --enable-nls --with-sysroot=/ --enable-clocale=gnu --enable-libstdcxx-debug --enable-libstdcxx-time=yes --enable-gnu-unique-object --disable-libmudflap --enable-plugin --with-system-zlib --disable-browser-plugin --enable-java-awt=gtk --enable-gtk-cairo --with-java-home=/usr/lib/jvm/java-1.5.0-gcj-4.8-amd64/jre --enable-java-home --with-jvm-root-dir=/usr/lib/jvm/java-1.5.0-gcj-4.8-amd64 --with-jvm-jar-dir=/usr/lib/jvm-exports/java-1.5.0-gcj-4.8-amd64 --with-arch-directory=amd64 --with-ecj-jar=/usr/share/java/eclipse-ecj.jar --enable-objc-gc --enable-multiarch --disable-werror --with-arch-32=i686 --with-abi=m64 --with-multilib-list=m32,m64,mx32 --with-tune=generic --enable-checking=release --build=x86_64-linux-gnu --host=x86_64-linux-gnu --target=x86_64-linux-gnu
Thread model: posix
gcc version 4.8.4 (Ubuntu 4.8.4-2ubuntu1~14.04.3) 
configure:3333: $? = 0
configure:3322: g++ -V >&5
g++: error: unrecognized command line option '-V'
g++: fatal error: no input files
compilation terminated.
configure:3333: $? = 4
configure:3322: g++ -qversion >&5
g++: error: unrecognized command line option '-qversion'
g++: fatal error: no input files
compilation terminated.
configure:3333: $? = 4
configure:3353: checking whether the C++ compiler works
configure:3375: g++    conftest.cpp  >&5
configure:3379: $? = 0
configure:3427: result: yes
configure:3430: checking for C++ compiler default output file name
configure:3432: result: a.out
configure:3438: checking for suffix of executables
configure:3445: g++ -o conftest    conftest.cpp  >&5
configure:3449: $? = 0
configure:3471: result: 
configure:3493: checking whether we are cross compiling
configure:3501: g++ -o conftest    conftest.cpp  >&5
configure:3505: $? = 0
configure:3512: ./conftest
configure:3516: $? = 0
configure:3531: result: no
configure:3536: checking for suffix of object files
configure:3558: g++ -c   conftest.cpp >&5
configure:3562: $? = 0
configure:3583: result: o
configure:3587: checking whether we are using the GNU C++ compiler
configure:3606: g++ -c   conftest.cpp >&5
configure:3606: $? = 0
configure:3615: result: yes
configure:3624: checking whether g++ accepts -g
configure:3644: g++ -c -g  conftest.cpp >&5
configure:3644: $? = 0
configure:3685: result: yes
configure:3719: checking for style of include used by make
configure:3747: result: GNU
configure:3773: checking dependency style of g++
configure:3884: result: gcc3
configure:3947: checking for gcc
configure:3963: found /usr/bin/gcc
configure:3974: result: gcc
configure:4203: checking for C compiler version
configure:4212: gcc --version >&5
gcc (Ubuntu 4.8.4-2ubuntu1~14.04.3) 4.8.4
Copyright (C) 2013 Free Software Foundation, Inc.
This is free software; see the source for copying conditions.  There is NO
warranty; not even for MERCHANTABILITY or FITNESS FOR A PARTICULAR PURPOSE.

configure:4223: $? = 0
configure:4212: gcc -v >&5
Using built-in specs.
COLLECT_GCC=gcc
COLLECT_LTO_WRAPPER=/usr/lib/gcc/x86_64-linux-gnu/4.8/lto-wrapper
Target: x86_64-linux-gnu
Configured with: ../src/configure -v --with-pkgversion='Ubuntu 4.8.4-2ubuntu1~14.04.3' --with-bugurl=file:///usr/share/doc/gcc-4.8/README.Bugs --enable-languages=c,c++,java,go,d,fortran,objc,obj-c++ --prefix=/usr --program-suffix=-4.8 --enable-shared --enable-linker-build-id --libexecdir=/usr/lib --without-included-gettext --enable-threads=posix --with-gxx-include-dir=/usr/include/c++/4.8 --libdir=/usr/lib --enable-nls --with-sysroot=/ --enable-clocale=gnu --enable-libstdcxx-debug --enable-libstdcxx-time=yes --enable-gnu-unique-object --disable-libmudflap --enable-plugin --with-system-zlib --disable-browser-plugin --enable-java-awt=gtk --enable-gtk-cairo --with-java-home=/usr/lib/jvm/java-1.5.0-gcj-4.8-amd64/jre --enable-java-home --with-jvm-root-dir=/usr/lib/jvm/java-1.5.0-gcj-4.8-amd64 --with-jvm-jar-dir=/usr/lib/jvm-exports/java-1.5.0-gcj-4.8-amd64 --with-arch-directory=amd64 --with-ecj-jar=/usr/share/java/eclipse-ecj.jar --enable-objc-gc --enable-multiarch --disable-werror --with-arch-32=i686 --with-abi=m64 --with-multilib-list=m32,m64,mx32 --with-tune=generic --enable-checking=release --build=x86_64-linux-gnu --host=x86_64-linux-gnu --target=x86_64-linux-gnu
Thread model: posix
gcc version 4.8.4 (Ubuntu 4.8.4-2ubuntu1~14.04.3) 
configure:4223: $? = 0
configure:4212: gcc -V >&5
gcc: error: unrecognized command line option '-V'
gcc: fatal error: no input files
compilation terminated.
configure:4223: $? = 4
configure:4212: gcc -qversion >&5
gcc: error: unrecognized command line option '-qversion'
gcc: fatal error: no input files
compilation terminated.
configure:4223: $? = 4
configure:4227: checking whether we are using the GNU C compiler
configure:4246: gcc -c   conftest.c >&5
configure:4246: $? = 0
configure:4255: result: yes
configure:4264: checking whether gcc accepts -g
configure:4284: gcc -c -g  conftest.c >&5
configure:4284: $? = 0
configure:4325: result: yes
configure:4342: checking for gcc option to accept ISO C89
configure:4405: gcc  -c -g -O2  conftest.c >&5
configure:4405: $? = 0
configure:4418: result: none needed
configure:4443: checking whether gcc understands -c and -o together
configure:4465: gcc -c conftest.c -o conftest2.o
configure:4468: $? = 0
configure:4465: gcc -c conftest.c -o conftest2.o
configure:4468: $? = 0
configure:4480: result: yes
configure:4499: checking dependency style of gcc
configure:4610: result: gcc3
configure:4625: checking whether make sets $(MAKE)
configure:4647: result: yes
configure:4660: checking for main in -lcutils
configure:4679: gcc -o conftest -g -O2   conftest.c -lcutils   >&5
/usr/bin/ld: cannot find -lcutils
collect2: error: ld returned 1 exit status
configure:4679: $? = 1
configure: failed program was:
| /* confdefs.h */
| #define PACKAGE_NAME "repkg_tools"
| #define PACKAGE_TARNAME "repkg_tools"
| #define PACKAGE_VERSION "1.0"
| #define PACKAGE_STRING "repkg_tools 1.0"
| #define PACKAGE_BUGREPORT "young_yang@sdmctech.com"
| #define PACKAGE_URL ""
| #define PACKAGE "repkg_tools"
| #define VERSION "1.0"
| /* end confdefs.h.  */
| 
| 
| int
| main ()
| {
| return main ();
|   ;
|   return 0;
| }
configure:4688: result: no
configure:4700: checking for main in -llog
configure:4719: gcc -o conftest -g -O2   conftest.c -llog   >&5
/usr/bin/ld: cannot find -llog
collect2: error: ld returned 1 exit status
configure:4719: $? = 1
configure: failed program was:
| /* confdefs.h */
| #define PACKAGE_NAME "repkg_tools"
| #define PACKAGE_TARNAME "repkg_tools"
| #define PACKAGE_VERSION "1.0"
| #define PACKAGE_STRING "repkg_tools 1.0"
| #define PACKAGE_BUGREPORT "young_yang@sdmctech.com"
| #define PACKAGE_URL ""
| #define PACKAGE "repkg_tools"
| #define VERSION "1.0"
| /* end confdefs.h.  */
| 
| 
| int
| main ()
| {
| return main ();
|   ;
|   return 0;
| }
configure:4728: result: no
configure:4740: checking for main in -lmincrypt
configure:4759: gcc -o conftest -g -O2   conftest.c -lmincrypt   >&5
/usr/bin/ld: cannot find -lmincrypt
collect2: error: ld returned 1 exit status
configure:4759: $? = 1
configure: failed program was:
| /* confdefs.h */
| #define PACKAGE_NAME "repkg_tools"
| #define PACKAGE_TARNAME "repkg_tools"
| #define PACKAGE_VERSION "1.0"
| #define PACKAGE_STRING "repkg_tools 1.0"
| #define PACKAGE_BUGREPORT "young_yang@sdmctech.com"
| #define PACKAGE_URL ""
| #define PACKAGE "repkg_tools"
| #define VERSION "1.0"
| /* end confdefs.h.  */
| 
| 
| int
| main ()
| {
| return main ();
|   ;
|   return 0;
| }
configure:4768: result: no
configure:4780: checking for main in -lpcre
configure:4799: gcc -o conftest -g -O2   conftest.c -lpcre   >&5
/usr/bin/ld: cannot find -lpcre
collect2: error: ld returned 1 exit status
configure:4799: $? = 1
configure: failed program was:
| /* confdefs.h */
| #define PACKAGE_NAME "repkg_tools"
| #define PACKAGE_TARNAME "repkg_tools"
| #define PACKAGE_VERSION "1.0"
| #define PACKAGE_STRING "repkg_tools 1.0"
| #define PACKAGE_BUGREPORT "young_yang@sdmctech.com"
| #define PACKAGE_URL ""
| #define PACKAGE "repkg_tools"
| #define VERSION "1.0"
| /* end confdefs.h.  */
| 
| 
| int
| main ()
| {
| return main ();
|   ;
|   return 0;
| }
configure:4808: result: no
configure:4820: checking for main in -lpthread
configure:4839: gcc -o conftest -g -O2   conftest.c -lpthread   >&5
configure:4839: $? = 0
configure:4848: result: yes
configure:4860: checking for main in -lselinux
configure:4879: gcc -o conftest -g -O2   conftest.c -lselinux  -lpthread  >&5
/usr/bin/ld: cannot find -lselinux
collect2: error: ld returned 1 exit status
configure:4879: $? = 1
configure: failed program was:
| /* confdefs.h */
| #define PACKAGE_NAME "repkg_tools"
| #define PACKAGE_TARNAME "repkg_tools"
| #define PACKAGE_VERSION "1.0"
| #define PACKAGE_STRING "repkg_tools 1.0"
| #define PACKAGE_BUGREPORT "young_yang@sdmctech.com"
| #define PACKAGE_URL ""
| #define PACKAGE "repkg_tools"
| #define VERSION "1.0"
| #define HAVE_LIBPTHREAD 1
| /* end confdefs.h.  */
| 
| 
| int
| main ()
| {
| return main ();
|   ;
|   return 0;
| }
configure:4888: result: no
configure:4900: checking for main in -lsparse
configure:4919: gcc -o conftest -g -O2   conftest.c -lsparse  -lpthread  >&5
/usr/bin/ld: cannot find -lsparse
collect2: error: ld returned 1 exit status
configure:4919: $? = 1
configure: failed program was:
| /* confdefs.h */
| #define PACKAGE_NAME "repkg_tools"
| #define PACKAGE_TARNAME "repkg_tools"
| #define PACKAGE_VERSION "1.0"
| #define PACKAGE_STRING "repkg_tools 1.0"
| #define PACKAGE_BUGREPORT "young_yang@sdmctech.com"
| #define PACKAGE_URL ""
| #define PACKAGE "repkg_tools"
| #define VERSION "1.0"
| #define HAVE_LIBPTHREAD 1
| /* end confdefs.h.  */
| 
| 
| int
| main ()
| {
| return main ();
|   ;
|   return 0;
| }
configure:4928: result: no
configure:4940: checking for main in -lz
configure:4959: gcc -o conftest -g -O2   conftest.c -lz  -lpthread  >&5
configure:4959: $? = 0
configure:4968: result: yes
configure:5009: checking build system type
configure:5023: result: x86_64-unknown-linux-gnu
configure:5043: checking host system type
configure:5056: result: x86_64-unknown-linux-gnu
configure:5097: checking how to print strings
configure:5124: result: printf
configure:5145: checking for a sed that does not truncate output
configure:5209: result: /bin/sed
configure:5227: checking for grep that handles long lines and -e
configure:5285: result: /bin/grep
configure:5290: checking for egrep
configure:5352: result: /bin/grep -E
configure:5357: checking for fgrep
configure:5419: result: /bin/grep -F
configure:5454: checking for ld used by gcc
configure:5521: result: /usr/bin/ld
configure:5528: checking if the linker (/usr/bin/ld) is GNU ld
configure:5543: result: yes
configure:5555: checking for BSD- or MS-compatible name lister (nm)
configure:5604: result: /usr/bin/nm -B
configure:5734: checking the name lister (/usr/bin/nm -B) interface
configure:5741: gcc -c -g -O2  conftest.c >&5
configure:5744: /usr/bin/nm -B "conftest.o"
configure:5747: output
0000000000000000 B some_variable
configure:5754: result: BSD nm
configure:5757: checking whether ln -s works
configure:5761: result: yes
configure:5769: checking the maximum length of command line arguments
configure:5900: result: 1572864
configure:5917: checking whether the shell understands some XSI constructs
configure:5927: result: yes
configure:5931: checking whether the shell understands "+="
configure:5937: result: yes
configure:5972: checking how to convert x86_64-unknown-linux-gnu file names to x86_64-unknown-linux-gnu format
configure:6012: result: func_convert_file_noop
configure:6019: checking how to convert x86_64-unknown-linux-gnu file names to toolchain format
configure:6039: result: func_convert_file_noop
configure:6046: checking for /usr/bin/ld option to reload object files
configure:6053: result: -r
configure:6127: checking for objdump
configure:6143: found /usr/bin/objdump
configure:6154: result: objdump
configure:6186: checking how to recognize dependent libraries
configure:6384: result: pass_all
configure:6469: checking for dlltool
configure:6499: result: no
configure:6529: checking how to associate runtime and link libraries
configure:6556: result: printf %s\n
configure:6616: checking for ar
configure:6632: found /usr/bin/ar
configure:6643: result: ar
configure:6680: checking for archiver @FILE support
configure:6697: gcc -c -g -O2  conftest.c >&5
configure:6697: $? = 0
configure:6700: ar cru libconftest.a @conftest.lst >&5
configure:6703: $? = 0
configure:6708: ar cru libconftest.a @conftest.lst >&5
ar: conftest.o: No such file or directory
configure:6711: $? = 1
configure:6723: result: @
configure:6781: checking for strip
configure:6797: found /usr/bin/strip
configure:6808: result: strip
configure:6880: checking for ranlib
configure:6896: found /usr/bin/ranlib
configure:6907: result: ranlib
configure:7009: checking command to parse /usr/bin/nm -B output from gcc object
configure:7129: gcc -c -g -O2  conftest.c >&5
configure:7132: $? = 0
configure:7136: /usr/bin/nm -B conftest.o \| sed -n -e 's/^.*[ ]\([ABCDGIRSTW][ABCDGIRSTW]*\)[ ][ ]*\([_A-Za-z][_A-Za-z0-9]*\)$/\1 \2 \2/p' | sed '/ __gnu_lto/d' \> conftest.nm
configure:7139: $? = 0
configure:7205: gcc -o conftest -g -O2   conftest.c conftstm.o >&5
configure:7208: $? = 0
configure:7246: result: ok
configure:7283: checking for sysroot
configure:7313: result: no
configure:7390: gcc -c -g -O2  conftest.c >&5
configure:7393: $? = 0
configure:7582: checking for mt
configure:7598: found /bin/mt
configure:7609: result: mt
configure:7632: checking if mt is a manifest tool
configure:7638: mt '-?'
configure:7646: result: no
configure:8288: checking how to run the C preprocessor
configure:8319: gcc -E  conftest.c
configure:8319: $? = 0
configure:8333: gcc -E  conftest.c
conftest.c:13:28: fatal error: ac_nonexistent.h: No such file or directory
 #include <ac_nonexistent.h>
                            ^
compilation terminated.
configure:8333: $? = 1
configure: failed program was:
| /* confdefs.h */
| #define PACKAGE_NAME "repkg_tools"
| #define PACKAGE_TARNAME "repkg_tools"
| #define PACKAGE_VERSION "1.0"
| #define PACKAGE_STRING "repkg_tools 1.0"
| #define PACKAGE_BUGREPORT "young_yang@sdmctech.com"
| #define PACKAGE_URL ""
| #define PACKAGE "repkg_tools"
| #define VERSION "1.0"
| #define HAVE_LIBPTHREAD 1
| #define HAVE_LIBZ 1
| /* end confdefs.h.  */
| #include <ac_nonexistent.h>
configure:8358: result: gcc -E
configure:8378: gcc -E  conftest.c
configure:8378: $? = 0
configure:8392: gcc -E  conftest.c
conftest.c:13:28: fatal error: ac_nonexistent.h: No such file or directory
 #include <ac_nonexistent.h>
                            ^
compilation terminated.
configure:8392: $? = 1
configure: failed program was:
| /* confdefs.h */
| #define PACKAGE_NAME "repkg_tools"
| #define PACKAGE_TARNAME "repkg_tools"
| #define PACKAGE_VERSION "1.0"
| #define PACKAGE_STRING "repkg_tools 1.0"
| #define PACKAGE_BUGREPORT "young_yang@sdmctech.com"
| #define PACKAGE_URL ""
| #define PACKAGE "repkg_tools"
| #define VERSION "1.0"
| #define HAVE_LIBPTHREAD 1
| #define HAVE_LIBZ 1
| /* end confdefs.h.  */
| #include <ac_nonexistent.h>
configure:8421: checking for ANSI C header files
configure:8441: gcc -c -g -O2  conftest.c >&5
configure:8441: $? = 0
configure:8514: gcc -o conftest -g -O2   conftest.c -lz -lpthread  >&5
configure:8514: $? = 0
configure:8514: ./conftest
configure:8514: $? = 0
configure:8525: result: yes
configure:8538: checking for sys/types.h
configure:8538: gcc -c -g -O2  conftest.c >&5
configure:8538: $? = 0
configure:8538: result: yes
configure:8538: checking for sys/stat.h
configure:8538: gcc -c -g -O2  conftest.c >&5
configure:8538: $? = 0
configure:8538: result: yes
configure:8538: checking for stdlib.h
configure:8538: gcc -c -g -O2  conftest.c >&5
configure:8538: $? = 0
configure:8538: result: yes
configure:8538: checking for string.h
configure:8538: gcc -c -g -O2  conftest.c >&5
configure:8538: $? = 0
configure:8538: result: yes
configure:8538: checking for memory.h
configure:8538: gcc -c -g -O2  conftest.c >&5
configure:8538: $? = 0
configure:8538: result: yes
configure:8538: checking for strings.h
configure:8538: gcc -c -g -O2  conftest.c >&5
configure:8538: $? = 0
configure:8538: result: yes
configure:8538: checking for inttypes.h
configure:8538: gcc -c -g -O2  conftest.c >&5
configure:8538: $? = 0
configure:8538: result: yes
configure:8538: checking for stdint.h
configure:8538: gcc -c -g -O2  conftest.c >&5
configure:8538: $? = 0
configure:8538: result: yes
configure:8538: checking for unistd.h
configure:8538: gcc -c -g -O2  conftest.c >&5
configure:8538: $? = 0
configure:8538: result: yes
configure:8552: checking for dlfcn.h
configure:8552: gcc -c -g -O2  conftest.c >&5
configure:8552: $? = 0
configure:8552: result: yes
configure:8769: checking for objdir
configure:8784: result: .libs
configure:9051: checking if gcc supports -fno-rtti -fno-exceptions
configure:9069: gcc -c -g -O2  -fno-rtti -fno-exceptions conftest.c >&5
cc1: warning: command line option '-fno-rtti' is valid for C++/ObjC++ but not for C [enabled by default]
configure:9073: $? = 0
configure:9086: result: no
configure:9413: checking for gcc option to produce PIC
configure:9420: result: -fPIC -DPIC
configure:9428: checking if gcc PIC flag -fPIC -DPIC works
configure:9446: gcc -c -g -O2  -fPIC -DPIC -DPIC conftest.c >&5
configure:9450: $? = 0
configure:9463: result: yes
configure:9492: checking if gcc static flag -static works
configure:9520: result: yes
configure:9535: checking if gcc supports -c -o file.o
configure:9556: gcc -c -g -O2  -o out/conftest2.o conftest.c >&5
configure:9560: $? = 0
configure:9582: result: yes
configure:9590: checking if gcc supports -c -o file.o
configure:9637: result: yes
configure:9670: checking whether the gcc linker (/usr/bin/ld -m elf_x86_64) supports shared libraries
configure:10827: result: yes
configure:10864: checking whether -lc should be explicitly linked in
configure:10872: gcc -c -g -O2  conftest.c >&5
configure:10875: $? = 0
configure:10890: gcc -shared  -fPIC -DPIC conftest.o  -v -Wl,-soname -Wl,conftest -o conftest 2\>\&1 \| /bin/grep  -lc  \>/dev/null 2\>\&1
configure:10893: $? = 0
configure:10907: result: no
configure:11067: checking dynamic linker characteristics
configure:11567: gcc -o conftest -g -O2   -Wl,-rpath -Wl,/foo conftest.c -lz -lpthread  >&5
configure:11567: $? = 0
configure:11801: result: GNU/Linux ld.so
configure:11908: checking how to hardcode library paths into programs
configure:11933: result: immediate
configure:12473: checking whether stripping libraries is possible
configure:12478: result: yes
configure:12513: checking if libtool supports shared libraries
configure:12515: result: yes
configure:12518: checking whether to build shared libraries
configure:12539: result: yes
configure:12542: checking whether to build static libraries
configure:12546: result: yes
configure:12569: checking how to run the C++ preprocessor
configure:12596: g++ -E  conftest.cpp
configure:12596: $? = 0
configure:12610: g++ -E  conftest.cpp
conftest.cpp:25:28: fatal error: ac_nonexistent.h: No such file or directory
 #include <ac_nonexistent.h>
                            ^
compilation terminated.
configure:12610: $? = 1
configure: failed program was:
| /* confdefs.h */
| #define PACKAGE_NAME "repkg_tools"
| #define PACKAGE_TARNAME "repkg_tools"
| #define PACKAGE_VERSION "1.0"
| #define PACKAGE_STRING "repkg_tools 1.0"
| #define PACKAGE_BUGREPORT "young_yang@sdmctech.com"
| #define PACKAGE_URL ""
| #define PACKAGE "repkg_tools"
| #define VERSION "1.0"
| #define HAVE_LIBPTHREAD 1
| #define HAVE_LIBZ 1
| #define STDC_HEADERS 1
| #define HAVE_SYS_TYPES_H 1
| #define HAVE_SYS_STAT_H 1
| #define HAVE_STDLIB_H 1
| #define HAVE_STRING_H 1
| #define HAVE_MEMORY_H 1
| #define HAVE_STRINGS_H 1
| #define HAVE_INTTYPES_H 1
| #define HAVE_STDINT_H 1
| #define HAVE_UNISTD_H 1
| #define HAVE_DLFCN_H 1
| #define LT_OBJDIR ".libs/"
| /* end confdefs.h.  */
| #include <ac_nonexistent.h>
configure:12635: result: g++ -E
configure:12655: g++ -E  conftest.cpp
configure:12655: $? = 0
configure:12669: g++ -E  conftest.cpp
conftest.cpp:25:28: fatal error: ac_nonexistent.h: No such file or directory
 #include <ac_nonexistent.h>
                            ^
compilation terminated.
configure:12669: $? = 1
configure: failed program was:
| /* confdefs.h */
| #define PACKAGE_NAME "repkg_tools"
| #define PACKAGE_TARNAME "repkg_tools"
| #define PACKAGE_VERSION "1.0"
| #define PACKAGE_STRING "repkg_tools 1.0"
| #define PACKAGE_BUGREPORT "young_yang@sdmctech.com"
| #define PACKAGE_URL ""
| #define PACKAGE "repkg_tools"
| #define VERSION "1.0"
| #define HAVE_LIBPTHREAD 1
| #define HAVE_LIBZ 1
| #define STDC_HEADERS 1
| #define HAVE_SYS_TYPES_H 1
| #define HAVE_SYS_STAT_H 1
| #define HAVE_STDLIB_H 1
| #define HAVE_STRING_H 1
| #define HAVE_MEMORY_H 1
| #define HAVE_STRINGS_H 1
| #define HAVE_INTTYPES_H 1
| #define HAVE_STDINT_H 1
| #define HAVE_UNISTD_H 1
| #define HAVE_DLFCN_H 1
| #define LT_OBJDIR ".libs/"
| /* end confdefs.h.  */
| #include <ac_nonexistent.h>
configure:12838: checking for ld used by g++
configure:12905: result: /usr/bin/ld -m elf_x86_64
configure:12912: checking if the linker (/usr/bin/ld -m elf_x86_64) is GNU ld
configure:12927: result: yes
configure:12982: checking whether the g++ linker (/usr/bin/ld -m elf_x86_64) supports shared libraries
configure:13984: result: yes
configure:14020: g++ -c -g -O2  conftest.cpp >&5
configure:14023: $? = 0
configure:14543: checking for g++ option to produce PIC
configure:14550: result: -fPIC -DPIC
configure:14558: checking if g++ PIC flag -fPIC -DPIC works
configure:14576: g++ -c -g -O2  -fPIC -DPIC -DPIC conftest.cpp >&5
configure:14580: $? = 0
configure:14593: result: yes
configure:14616: checking if g++ static flag -static works
configure:14644: result: yes
configure:14656: checking if g++ supports -c -o file.o
configure:14677: g++ -c -g -O2  -o out/conftest2.o conftest.cpp >&5
configure:14681: $? = 0
configure:14703: result: yes
configure:14708: checking if g++ supports -c -o file.o
configure:14755: result: yes
configure:14785: checking whether the g++ linker (/usr/bin/ld -m elf_x86_64) supports shared libraries
configure:14824: result: yes
configure:14965: checking dynamic linker characteristics
configure:15633: result: GNU/Linux ld.so
configure:15686: checking how to hardcode library paths into programs
configure:15711: result: immediate
configure:15772: checking whether ln -s works
configure:15776: result: yes
configure:15788: checking arpa/inet.h usability
configure:15788: gcc -c -g -O2  conftest.c >&5
configure:15788: $? = 0
configure:15788: result: yes
configure:15788: checking arpa/inet.h presence
configure:15788: gcc -E  conftest.c
configure:15788: $? = 0
configure:15788: result: yes
configure:15788: checking for arpa/inet.h
configure:15788: result: yes
configure:15788: checking fcntl.h usability
configure:15788: gcc -c -g -O2  conftest.c >&5
configure:15788: $? = 0
configure:15788: result: yes
configure:15788: checking fcntl.h presence
configure:15788: gcc -E  conftest.c
configure:15788: $? = 0
configure:15788: result: yes
configure:15788: checking for fcntl.h
configure:15788: result: yes
configure:15788: checking for inttypes.h
configure:15788: result: yes
configure:15788: checking limits.h usability
configure:15788: gcc -c -g -O2  conftest.c >&5
configure:15788: $? = 0
configure:15788: result: yes
configure:15788: checking limits.h presence
configure:15788: gcc -E  conftest.c
configure:15788: $? = 0
configure:15788: result: yes
configure:15788: checking for limits.h
configure:15788: result: yes
configure:15788: checking malloc.h usability
configure:15788: gcc -c -g -O2  conftest.c >&5
configure:15788: $? = 0
configure:15788: result: yes
configure:15788: checking malloc.h presence
configure:15788: gcc -E  conftest.c
configure:15788: $? = 0
configure:15788: result: yes
configure:15788: checking for malloc.h
configure:15788: result: yes
configure:15788: checking mntent.h usability
configure:15788: gcc -c -g -O2  conftest.c >&5
configure:15788: $? = 0
configure:15788: result: yes
configure:15788: checking mntent.h presence
configure:15788: gcc -E  conftest.c
configure:15788: $? = 0
configure:15788: result: yes
configure:15788: checking for mntent.h
configure:15788: result: yes
configure:15788: checking netdb.h usability
configure:15788: gcc -c -g -O2  conftest.c >&5
configure:15788: $? = 0
configure:15788: result: yes
configure:15788: checking netdb.h presence
configure:15788: gcc -E  conftest.c
configure:15788: $? = 0
configure:15788: result: yes
configure:15788: checking for netdb.h
configure:15788: result: yes
configure:15788: checking netinet/in.h usability
configure:15788: gcc -c -g -O2  conftest.c >&5
configure:15788: $? = 0
configure:15788: result: yes
configure:15788: checking netinet/in.h presence
configure:15788: gcc -E  conftest.c
configure:15788: $? = 0
configure:15788: result: yes
configure:15788: checking for netinet/in.h
configure:15788: result: yes
configure:15788: checking stddef.h usability
configure:15788: gcc -c -g -O2  conftest.c >&5
configure:15788: $? = 0
configure:15788: result: yes
configure:15788: checking stddef.h presence
configure:15788: gcc -E  conftest.c
configure:15788: $? = 0
configure:15788: result: yes
configure:15788: checking for stddef.h
configure:15788: result: yes
configure:15788: checking for stdint.h
configure:15788: result: yes
configure:15788: checking for stdlib.h
configure:15788: result: yes
configure:15788: checking for string.h
configure:15788: result: yes
configure:15788: checking for strings.h
configure:15788: result: yes
configure:15788: checking sys/ioctl.h usability
configure:15788: gcc -c -g -O2  conftest.c >&5
configure:15788: $? = 0
configure:15788: result: yes
configure:15788: checking sys/ioctl.h presence
configure:15788: gcc -E  conftest.c
configure:15788: $? = 0
configure:15788: result: yes
configure:15788: checking for sys/ioctl.h
configure:15788: result: yes
configure:15788: checking sys/mount.h usability
configure:15788: gcc -c -g -O2  conftest.c >&5
configure:15788: $? = 0
configure:15788: result: yes
configure:15788: checking sys/mount.h presence
configure:15788: gcc -E  conftest.c
configure:15788: $? = 0
configure:15788: result: yes
configure:15788: checking for sys/mount.h
configure:15788: result: yes
configure:15788: checking sys/param.h usability
configure:15788: gcc -c -g -O2  conftest.c >&5
configure:15788: $? = 0
configure:15788: result: yes
configure:15788: checking sys/param.h presence
configure:15788: gcc -E  conftest.c
configure:15788: $? = 0
configure:15788: result: yes
configure:15788: checking for sys/param.h
configure:15788: result: yes
configure:15788: checking sys/socket.h usability
configure:15788: gcc -c -g -O2  conftest.c >&5
configure:15788: $? = 0
configure:15788: result: yes
configure:15788: checking sys/socket.h presence
configure:15788: gcc -E  conftest.c
configure:15788: $? = 0
configure:15788: result: yes
configure:15788: checking for sys/socket.h
configure:15788: result: yes
configure:15788: checking sys/time.h usability
configure:15788: gcc -c -g -O2  conftest.c >&5
configure:15788: $? = 0
configure:15788: result: yes
configure:15788: checking sys/time.h presence
configure:15788: gcc -E  conftest.c
configure:15788: $? = 0
configure:15788: result: yes
configure:15788: checking for sys/time.h
configure:15788: result: yes
configure:15788: checking sys/vfs.h usability
configure:15788: gcc -c -g -O2  conftest.c >&5
configure:15788: $? = 0
configure:15788: result: yes
configure:15788: checking sys/vfs.h presence
configure:15788: gcc -E  conftest.c
configure:15788: $? = 0
configure:15788: result: yes
configure:15788: checking for sys/vfs.h
configure:15788: result: yes
configure:15788: checking for unistd.h
configure:15788: result: yes
configure:15800: checking for stdbool.h that conforms to C99
configure:15867: gcc -c -g -O2  conftest.c >&5
configure:15867: $? = 0
configure:15874: result: yes
configure:15876: checking for _Bool
configure:15876: gcc -c -g -O2  conftest.c >&5
configure:15876: $? = 0
configure:15876: gcc -c -g -O2  conftest.c >&5
conftest.c: In function 'main':
conftest.c:81:20: error: expected expression before ')' token
 if (sizeof ((_Bool)))
                    ^
configure:15876: $? = 1
configure: failed program was:
| /* confdefs.h */
| #define PACKAGE_NAME "repkg_tools"
| #define PACKAGE_TARNAME "repkg_tools"
| #define PACKAGE_VERSION "1.0"
| #define PACKAGE_STRING "repkg_tools 1.0"
| #define PACKAGE_BUGREPORT "young_yang@sdmctech.com"
| #define PACKAGE_URL ""
| #define PACKAGE "repkg_tools"
| #define VERSION "1.0"
| #define HAVE_LIBPTHREAD 1
| #define HAVE_LIBZ 1
| #define STDC_HEADERS 1
| #define HAVE_SYS_TYPES_H 1
| #define HAVE_SYS_STAT_H 1
| #define HAVE_STDLIB_H 1
| #define HAVE_STRING_H 1
| #define HAVE_MEMORY_H 1
| #define HAVE_STRINGS_H 1
| #define HAVE_INTTYPES_H 1
| #define HAVE_STDINT_H 1
| #define HAVE_UNISTD_H 1
| #define HAVE_DLFCN_H 1
| #define LT_OBJDIR ".libs/"
| #define HAVE_ARPA_INET_H 1
| #define HAVE_FCNTL_H 1
| #define HAVE_INTTYPES_H 1
| #define HAVE_LIMITS_H 1
| #define HAVE_MALLOC_H 1
| #define HAVE_MNTENT_H 1
| #define HAVE_NETDB_H 1
| #define HAVE_NETINET_IN_H 1
| #define HAVE_STDDEF_H 1
| #define HAVE_STDINT_H 1
| #define HAVE_STDLIB_H 1
| #define HAVE_STRING_H 1
| #define HAVE_STRINGS_H 1
| #define HAVE_SYS_IOCTL_H 1
| #define HAVE_SYS_MOUNT_H 1
| #define HAVE_SYS_PARAM_H 1
| #define HAVE_SYS_SOCKET_H 1
| #define HAVE_SYS_TIME_H 1
| #define HAVE_SYS_VFS_H 1
| #define HAVE_UNISTD_H 1
| /* end confdefs.h.  */
| #include <stdio.h>
| #ifdef HAVE_SYS_TYPES_H
| # include <sys/types.h>
| #endif
| #ifdef HAVE_SYS_STAT_H
| # include <sys/stat.h>
| #endif
| #ifdef STDC_HEADERS
| # include <stdlib.h>
| # include <stddef.h>
| #else
| # ifdef HAVE_STDLIB_H
| #  include <stdlib.h>
| # endif
| #endif
| #ifdef HAVE_STRING_H
| # if !defined STDC_HEADERS && defined HAVE_MEMORY_H
| #  include <memory.h>
| # endif
| # include <string.h>
| #endif
| #ifdef HAVE_STRINGS_H
| # include <strings.h>
| #endif
| #ifdef HAVE_INTTYPES_H
| # include <inttypes.h>
| #endif
| #ifdef HAVE_STDINT_H
| # include <stdint.h>
| #endif
| #ifdef HAVE_UNISTD_H
| # include <unistd.h>
| #endif
| int
| main ()
| {
| if (sizeof ((_Bool)))
| 	    return 0;
|   ;
|   return 0;
| }
configure:15876: result: yes
configure:15887: checking for uid_t in sys/types.h
configure:15906: result: yes
configure:15917: checking for inline
configure:15933: gcc -c -g -O2  conftest.c >&5
configure:15933: $? = 0
configure:15941: result: inline
configure:15959: checking for int16_t
configure:15959: gcc -c -g -O2  conftest.c >&5
configure:15959: $? = 0
configure:15959: gcc -c -g -O2  conftest.c >&5
conftest.c: In function 'main':
conftest.c:83:12: error: size of array 'test_array' is negative
 static int test_array [1 - 2 * !((int16_t) (((((int16_t) 1 << N) << N) - 1) * 2 + 1)
            ^
configure:15959: $? = 1
configure: failed program was:
| /* confdefs.h */
| #define PACKAGE_NAME "repkg_tools"
| #define PACKAGE_TARNAME "repkg_tools"
| #define PACKAGE_VERSION "1.0"
| #define PACKAGE_STRING "repkg_tools 1.0"
| #define PACKAGE_BUGREPORT "young_yang@sdmctech.com"
| #define PACKAGE_URL ""
| #define PACKAGE "repkg_tools"
| #define VERSION "1.0"
| #define HAVE_LIBPTHREAD 1
| #define HAVE_LIBZ 1
| #define STDC_HEADERS 1
| #define HAVE_SYS_TYPES_H 1
| #define HAVE_SYS_STAT_H 1
| #define HAVE_STDLIB_H 1
| #define HAVE_STRING_H 1
| #define HAVE_MEMORY_H 1
| #define HAVE_STRINGS_H 1
| #define HAVE_INTTYPES_H 1
| #define HAVE_STDINT_H 1
| #define HAVE_UNISTD_H 1
| #define HAVE_DLFCN_H 1
| #define LT_OBJDIR ".libs/"
| #define HAVE_ARPA_INET_H 1
| #define HAVE_FCNTL_H 1
| #define HAVE_INTTYPES_H 1
| #define HAVE_LIMITS_H 1
| #define HAVE_MALLOC_H 1
| #define HAVE_MNTENT_H 1
| #define HAVE_NETDB_H 1
| #define HAVE_NETINET_IN_H 1
| #define HAVE_STDDEF_H 1
| #define HAVE_STDINT_H 1
| #define HAVE_STDLIB_H 1
| #define HAVE_STRING_H 1
| #define HAVE_STRINGS_H 1
| #define HAVE_SYS_IOCTL_H 1
| #define HAVE_SYS_MOUNT_H 1
| #define HAVE_SYS_PARAM_H 1
| #define HAVE_SYS_SOCKET_H 1
| #define HAVE_SYS_TIME_H 1
| #define HAVE_SYS_VFS_H 1
| #define HAVE_UNISTD_H 1
| #define HAVE__BOOL 1
| /* end confdefs.h.  */
| #include <stdio.h>
| #ifdef HAVE_SYS_TYPES_H
| # include <sys/types.h>
| #endif
| #ifdef HAVE_SYS_STAT_H
| # include <sys/stat.h>
| #endif
| #ifdef STDC_HEADERS
| # include <stdlib.h>
| # include <stddef.h>
| #else
| # ifdef HAVE_STDLIB_H
| #  include <stdlib.h>
| # endif
| #endif
| #ifdef HAVE_STRING_H
| # if !defined STDC_HEADERS && defined HAVE_MEMORY_H
| #  include <memory.h>
| # endif
| # include <string.h>
| #endif
| #ifdef HAVE_STRINGS_H
| # include <strings.h>
| #endif
| #ifdef HAVE_INTTYPES_H
| # include <inttypes.h>
| #endif
| #ifdef HAVE_STDINT_H
| # include <stdint.h>
| #endif
| #ifdef HAVE_UNISTD_H
| # include <unistd.h>
| #endif
| 	        enum { N = 16 / 2 - 1 };
| int
| main ()
| {
| static int test_array [1 - 2 * !((int16_t) (((((int16_t) 1 << N) << N) - 1) * 2 + 1)
| 		 < (int16_t) (((((int16_t) 1 << N) << N) - 1) * 2 + 2))];
| test_array [0] = 0;
| return test_array [0];
| 
|   ;
|   return 0;
| }
configure:15959: result: yes
configure:15970: checking for int32_t
configure:15970: gcc -c -g -O2  conftest.c >&5
configure:15970: $? = 0
configure:15970: gcc -c -g -O2  conftest.c >&5
conftest.c: In function 'main':
conftest.c:84:53: warning: integer overflow in expression [-Woverflow]
    < (int32_t) (((((int32_t) 1 << N) << N) - 1) * 2 + 2))];
                                                     ^
conftest.c:83:12: error: storage size of 'test_array' isn't constant
 static int test_array [1 - 2 * !((int32_t) (((((int32_t) 1 << N) << N) - 1) * 2 + 1)
            ^
configure:15970: $? = 1
configure: failed program was:
| /* confdefs.h */
| #define PACKAGE_NAME "repkg_tools"
| #define PACKAGE_TARNAME "repkg_tools"
| #define PACKAGE_VERSION "1.0"
| #define PACKAGE_STRING "repkg_tools 1.0"
| #define PACKAGE_BUGREPORT "young_yang@sdmctech.com"
| #define PACKAGE_URL ""
| #define PACKAGE "repkg_tools"
| #define VERSION "1.0"
| #define HAVE_LIBPTHREAD 1
| #define HAVE_LIBZ 1
| #define STDC_HEADERS 1
| #define HAVE_SYS_TYPES_H 1
| #define HAVE_SYS_STAT_H 1
| #define HAVE_STDLIB_H 1
| #define HAVE_STRING_H 1
| #define HAVE_MEMORY_H 1
| #define HAVE_STRINGS_H 1
| #define HAVE_INTTYPES_H 1
| #define HAVE_STDINT_H 1
| #define HAVE_UNISTD_H 1
| #define HAVE_DLFCN_H 1
| #define LT_OBJDIR ".libs/"
| #define HAVE_ARPA_INET_H 1
| #define HAVE_FCNTL_H 1
| #define HAVE_INTTYPES_H 1
| #define HAVE_LIMITS_H 1
| #define HAVE_MALLOC_H 1
| #define HAVE_MNTENT_H 1
| #define HAVE_NETDB_H 1
| #define HAVE_NETINET_IN_H 1
| #define HAVE_STDDEF_H 1
| #define HAVE_STDINT_H 1
| #define HAVE_STDLIB_H 1
| #define HAVE_STRING_H 1
| #define HAVE_STRINGS_H 1
| #define HAVE_SYS_IOCTL_H 1
| #define HAVE_SYS_MOUNT_H 1
| #define HAVE_SYS_PARAM_H 1
| #define HAVE_SYS_SOCKET_H 1
| #define HAVE_SYS_TIME_H 1
| #define HAVE_SYS_VFS_H 1
| #define HAVE_UNISTD_H 1
| #define HAVE__BOOL 1
| /* end confdefs.h.  */
| #include <stdio.h>
| #ifdef HAVE_SYS_TYPES_H
| # include <sys/types.h>
| #endif
| #ifdef HAVE_SYS_STAT_H
| # include <sys/stat.h>
| #endif
| #ifdef STDC_HEADERS
| # include <stdlib.h>
| # include <stddef.h>
| #else
| # ifdef HAVE_STDLIB_H
| #  include <stdlib.h>
| # endif
| #endif
| #ifdef HAVE_STRING_H
| # if !defined STDC_HEADERS && defined HAVE_MEMORY_H
| #  include <memory.h>
| # endif
| # include <string.h>
| #endif
| #ifdef HAVE_STRINGS_H
| # include <strings.h>
| #endif
| #ifdef HAVE_INTTYPES_H
| # include <inttypes.h>
| #endif
| #ifdef HAVE_STDINT_H
| # include <stdint.h>
| #endif
| #ifdef HAVE_UNISTD_H
| # include <unistd.h>
| #endif
| 	        enum { N = 32 / 2 - 1 };
| int
| main ()
| {
| static int test_array [1 - 2 * !((int32_t) (((((int32_t) 1 << N) << N) - 1) * 2 + 1)
| 		 < (int32_t) (((((int32_t) 1 << N) << N) - 1) * 2 + 2))];
| test_array [0] = 0;
| return test_array [0];
| 
|   ;
|   return 0;
| }
configure:15970: result: yes
configure:15981: checking for int64_t
configure:15981: gcc -c -g -O2  conftest.c >&5
configure:15981: $? = 0
configure:15981: gcc -c -g -O2  conftest.c >&5
conftest.c: In function 'main':
conftest.c:84:53: warning: integer overflow in expression [-Woverflow]
    < (int64_t) (((((int64_t) 1 << N) << N) - 1) * 2 + 2))];
                                                     ^
conftest.c:83:12: error: storage size of 'test_array' isn't constant
 static int test_array [1 - 2 * !((int64_t) (((((int64_t) 1 << N) << N) - 1) * 2 + 1)
            ^
configure:15981: $? = 1
configure: failed program was:
| /* confdefs.h */
| #define PACKAGE_NAME "repkg_tools"
| #define PACKAGE_TARNAME "repkg_tools"
| #define PACKAGE_VERSION "1.0"
| #define PACKAGE_STRING "repkg_tools 1.0"
| #define PACKAGE_BUGREPORT "young_yang@sdmctech.com"
| #define PACKAGE_URL ""
| #define PACKAGE "repkg_tools"
| #define VERSION "1.0"
| #define HAVE_LIBPTHREAD 1
| #define HAVE_LIBZ 1
| #define STDC_HEADERS 1
| #define HAVE_SYS_TYPES_H 1
| #define HAVE_SYS_STAT_H 1
| #define HAVE_STDLIB_H 1
| #define HAVE_STRING_H 1
| #define HAVE_MEMORY_H 1
| #define HAVE_STRINGS_H 1
| #define HAVE_INTTYPES_H 1
| #define HAVE_STDINT_H 1
| #define HAVE_UNISTD_H 1
| #define HAVE_DLFCN_H 1
| #define LT_OBJDIR ".libs/"
| #define HAVE_ARPA_INET_H 1
| #define HAVE_FCNTL_H 1
| #define HAVE_INTTYPES_H 1
| #define HAVE_LIMITS_H 1
| #define HAVE_MALLOC_H 1
| #define HAVE_MNTENT_H 1
| #define HAVE_NETDB_H 1
| #define HAVE_NETINET_IN_H 1
| #define HAVE_STDDEF_H 1
| #define HAVE_STDINT_H 1
| #define HAVE_STDLIB_H 1
| #define HAVE_STRING_H 1
| #define HAVE_STRINGS_H 1
| #define HAVE_SYS_IOCTL_H 1
| #define HAVE_SYS_MOUNT_H 1
| #define HAVE_SYS_PARAM_H 1
| #define HAVE_SYS_SOCKET_H 1
| #define HAVE_SYS_TIME_H 1
| #define HAVE_SYS_VFS_H 1
| #define HAVE_UNISTD_H 1
| #define HAVE__BOOL 1
| /* end confdefs.h.  */
| #include <stdio.h>
| #ifdef HAVE_SYS_TYPES_H
| # include <sys/types.h>
| #endif
| #ifdef HAVE_SYS_STAT_H
| # include <sys/stat.h>
| #endif
| #ifdef STDC_HEADERS
| # include <stdlib.h>
| # include <stddef.h>
| #else
| # ifdef HAVE_STDLIB_H
| #  include <stdlib.h>
| # endif
| #endif
| #ifdef HAVE_STRING_H
| # if !defined STDC_HEADERS && defined HAVE_MEMORY_H
| #  include <memory.h>
| # endif
| # include <string.h>
| #endif
| #ifdef HAVE_STRINGS_H
| # include <strings.h>
| #endif
| #ifdef HAVE_INTTYPES_H
| # include <inttypes.h>
| #endif
| #ifdef HAVE_STDINT_H
| # include <stdint.h>
| #endif
| #ifdef HAVE_UNISTD_H
| # include <unistd.h>
| #endif
| 	        enum { N = 64 / 2 - 1 };
| int
| main ()
| {
| static int test_array [1 - 2 * !((int64_t) (((((int64_t) 1 << N) << N) - 1) * 2 + 1)
| 		 < (int64_t) (((((int64_t) 1 << N) << N) - 1) * 2 + 2))];
| test_array [0] = 0;
| return test_array [0];
| 
|   ;
|   return 0;
| }
configure:15981: result: yes
configure:15992: checking for int8_t
configure:15992: gcc -c -g -O2  conftest.c >&5
configure:15992: $? = 0
configure:15992: gcc -c -g -O2  conftest.c >&5
conftest.c: In function 'main':
conftest.c:83:12: error: size of array 'test_array' is negative
 static int test_array [1 - 2 * !((int8_t) (((((int8_t) 1 << N) << N) - 1) * 2 + 1)
            ^
configure:15992: $? = 1
configure: failed program was:
| /* confdefs.h */
| #define PACKAGE_NAME "repkg_tools"
| #define PACKAGE_TARNAME "repkg_tools"
| #define PACKAGE_VERSION "1.0"
| #define PACKAGE_STRING "repkg_tools 1.0"
| #define PACKAGE_BUGREPORT "young_yang@sdmctech.com"
| #define PACKAGE_URL ""
| #define PACKAGE "repkg_tools"
| #define VERSION "1.0"
| #define HAVE_LIBPTHREAD 1
| #define HAVE_LIBZ 1
| #define STDC_HEADERS 1
| #define HAVE_SYS_TYPES_H 1
| #define HAVE_SYS_STAT_H 1
| #define HAVE_STDLIB_H 1
| #define HAVE_STRING_H 1
| #define HAVE_MEMORY_H 1
| #define HAVE_STRINGS_H 1
| #define HAVE_INTTYPES_H 1
| #define HAVE_STDINT_H 1
| #define HAVE_UNISTD_H 1
| #define HAVE_DLFCN_H 1
| #define LT_OBJDIR ".libs/"
| #define HAVE_ARPA_INET_H 1
| #define HAVE_FCNTL_H 1
| #define HAVE_INTTYPES_H 1
| #define HAVE_LIMITS_H 1
| #define HAVE_MALLOC_H 1
| #define HAVE_MNTENT_H 1
| #define HAVE_NETDB_H 1
| #define HAVE_NETINET_IN_H 1
| #define HAVE_STDDEF_H 1
| #define HAVE_STDINT_H 1
| #define HAVE_STDLIB_H 1
| #define HAVE_STRING_H 1
| #define HAVE_STRINGS_H 1
| #define HAVE_SYS_IOCTL_H 1
| #define HAVE_SYS_MOUNT_H 1
| #define HAVE_SYS_PARAM_H 1
| #define HAVE_SYS_SOCKET_H 1
| #define HAVE_SYS_TIME_H 1
| #define HAVE_SYS_VFS_H 1
| #define HAVE_UNISTD_H 1
| #define HAVE__BOOL 1
| /* end confdefs.h.  */
| #include <stdio.h>
| #ifdef HAVE_SYS_TYPES_H
| # include <sys/types.h>
| #endif
| #ifdef HAVE_SYS_STAT_H
| # include <sys/stat.h>
| #endif
| #ifdef STDC_HEADERS
| # include <stdlib.h>
| # include <stddef.h>
| #else
| # ifdef HAVE_STDLIB_H
| #  include <stdlib.h>
| # endif
| #endif
| #ifdef HAVE_STRING_H
| # if !defined STDC_HEADERS && defined HAVE_MEMORY_H
| #  include <memory.h>
| # endif
| # include <string.h>
| #endif
| #ifdef HAVE_STRINGS_H
| # include <strings.h>
| #endif
| #ifdef HAVE_INTTYPES_H
| # include <inttypes.h>
| #endif
| #ifdef HAVE_STDINT_H
| # include <stdint.h>
| #endif
| #ifdef HAVE_UNISTD_H
| # include <unistd.h>
| #endif
| 	        enum { N = 8 / 2 - 1 };
| int
| main ()
| {
| static int test_array [1 - 2 * !((int8_t) (((((int8_t) 1 << N) << N) - 1) * 2 + 1)
| 		 < (int8_t) (((((int8_t) 1 << N) << N) - 1) * 2 + 2))];
| test_array [0] = 0;
| return test_array [0];
| 
|   ;
|   return 0;
| }
configure:15992: result: yes
configure:16003: checking for mode_t
configure:16003: gcc -c -g -O2  conftest.c >&5
configure:16003: $? = 0
configure:16003: gcc -c -g -O2  conftest.c >&5
conftest.c: In function 'main':
conftest.c:82:21: error: expected expression before ')' token
 if (sizeof ((mode_t)))
                     ^
configure:16003: $? = 1
configure: failed program was:
| /* confdefs.h */
| #define PACKAGE_NAME "repkg_tools"
| #define PACKAGE_TARNAME "repkg_tools"
| #define PACKAGE_VERSION "1.0"
| #define PACKAGE_STRING "repkg_tools 1.0"
| #define PACKAGE_BUGREPORT "young_yang@sdmctech.com"
| #define PACKAGE_URL ""
| #define PACKAGE "repkg_tools"
| #define VERSION "1.0"
| #define HAVE_LIBPTHREAD 1
| #define HAVE_LIBZ 1
| #define STDC_HEADERS 1
| #define HAVE_SYS_TYPES_H 1
| #define HAVE_SYS_STAT_H 1
| #define HAVE_STDLIB_H 1
| #define HAVE_STRING_H 1
| #define HAVE_MEMORY_H 1
| #define HAVE_STRINGS_H 1
| #define HAVE_INTTYPES_H 1
| #define HAVE_STDINT_H 1
| #define HAVE_UNISTD_H 1
| #define HAVE_DLFCN_H 1
| #define LT_OBJDIR ".libs/"
| #define HAVE_ARPA_INET_H 1
| #define HAVE_FCNTL_H 1
| #define HAVE_INTTYPES_H 1
| #define HAVE_LIMITS_H 1
| #define HAVE_MALLOC_H 1
| #define HAVE_MNTENT_H 1
| #define HAVE_NETDB_H 1
| #define HAVE_NETINET_IN_H 1
| #define HAVE_STDDEF_H 1
| #define HAVE_STDINT_H 1
| #define HAVE_STDLIB_H 1
| #define HAVE_STRING_H 1
| #define HAVE_STRINGS_H 1
| #define HAVE_SYS_IOCTL_H 1
| #define HAVE_SYS_MOUNT_H 1
| #define HAVE_SYS_PARAM_H 1
| #define HAVE_SYS_SOCKET_H 1
| #define HAVE_SYS_TIME_H 1
| #define HAVE_SYS_VFS_H 1
| #define HAVE_UNISTD_H 1
| #define HAVE__BOOL 1
| /* end confdefs.h.  */
| #include <stdio.h>
| #ifdef HAVE_SYS_TYPES_H
| # include <sys/types.h>
| #endif
| #ifdef HAVE_SYS_STAT_H
| # include <sys/stat.h>
| #endif
| #ifdef STDC_HEADERS
| # include <stdlib.h>
| # include <stddef.h>
| #else
| # ifdef HAVE_STDLIB_H
| #  include <stdlib.h>
| # endif
| #endif
| #ifdef HAVE_STRING_H
| # if !defined STDC_HEADERS && defined HAVE_MEMORY_H
| #  include <memory.h>
| # endif
| # include <string.h>
| #endif
| #ifdef HAVE_STRINGS_H
| # include <strings.h>
| #endif
| #ifdef HAVE_INTTYPES_H
| # include <inttypes.h>
| #endif
| #ifdef HAVE_STDINT_H
| # include <stdint.h>
| #endif
| #ifdef HAVE_UNISTD_H
| # include <unistd.h>
| #endif
| int
| main ()
| {
| if (sizeof ((mode_t)))
| 	    return 0;
|   ;
|   return 0;
| }
configure:16003: result: yes
configure:16014: checking for off_t
configure:16014: gcc -c -g -O2  conftest.c >&5
configure:16014: $? = 0
configure:16014: gcc -c -g -O2  conftest.c >&5
conftest.c: In function 'main':
conftest.c:82:20: error: expected expression before ')' token
 if (sizeof ((off_t)))
                    ^
configure:16014: $? = 1
configure: failed program was:
| /* confdefs.h */
| #define PACKAGE_NAME "repkg_tools"
| #define PACKAGE_TARNAME "repkg_tools"
| #define PACKAGE_VERSION "1.0"
| #define PACKAGE_STRING "repkg_tools 1.0"
| #define PACKAGE_BUGREPORT "young_yang@sdmctech.com"
| #define PACKAGE_URL ""
| #define PACKAGE "repkg_tools"
| #define VERSION "1.0"
| #define HAVE_LIBPTHREAD 1
| #define HAVE_LIBZ 1
| #define STDC_HEADERS 1
| #define HAVE_SYS_TYPES_H 1
| #define HAVE_SYS_STAT_H 1
| #define HAVE_STDLIB_H 1
| #define HAVE_STRING_H 1
| #define HAVE_MEMORY_H 1
| #define HAVE_STRINGS_H 1
| #define HAVE_INTTYPES_H 1
| #define HAVE_STDINT_H 1
| #define HAVE_UNISTD_H 1
| #define HAVE_DLFCN_H 1
| #define LT_OBJDIR ".libs/"
| #define HAVE_ARPA_INET_H 1
| #define HAVE_FCNTL_H 1
| #define HAVE_INTTYPES_H 1
| #define HAVE_LIMITS_H 1
| #define HAVE_MALLOC_H 1
| #define HAVE_MNTENT_H 1
| #define HAVE_NETDB_H 1
| #define HAVE_NETINET_IN_H 1
| #define HAVE_STDDEF_H 1
| #define HAVE_STDINT_H 1
| #define HAVE_STDLIB_H 1
| #define HAVE_STRING_H 1
| #define HAVE_STRINGS_H 1
| #define HAVE_SYS_IOCTL_H 1
| #define HAVE_SYS_MOUNT_H 1
| #define HAVE_SYS_PARAM_H 1
| #define HAVE_SYS_SOCKET_H 1
| #define HAVE_SYS_TIME_H 1
| #define HAVE_SYS_VFS_H 1
| #define HAVE_UNISTD_H 1
| #define HAVE__BOOL 1
| /* end confdefs.h.  */
| #include <stdio.h>
| #ifdef HAVE_SYS_TYPES_H
| # include <sys/types.h>
| #endif
| #ifdef HAVE_SYS_STAT_H
| # include <sys/stat.h>
| #endif
| #ifdef STDC_HEADERS
| # include <stdlib.h>
| # include <stddef.h>
| #else
| # ifdef HAVE_STDLIB_H
| #  include <stdlib.h>
| # endif
| #endif
| #ifdef HAVE_STRING_H
| # if !defined STDC_HEADERS && defined HAVE_MEMORY_H
| #  include <memory.h>
| # endif
| # include <string.h>
| #endif
| #ifdef HAVE_STRINGS_H
| # include <strings.h>
| #endif
| #ifdef HAVE_INTTYPES_H
| # include <inttypes.h>
| #endif
| #ifdef HAVE_STDINT_H
| # include <stdint.h>
| #endif
| #ifdef HAVE_UNISTD_H
| # include <unistd.h>
| #endif
| int
| main ()
| {
| if (sizeof ((off_t)))
| 	    return 0;
|   ;
|   return 0;
| }
configure:16014: result: yes
configure:16025: checking for pid_t
configure:16025: gcc -c -g -O2  conftest.c >&5
configure:16025: $? = 0
configure:16025: gcc -c -g -O2  conftest.c >&5
conftest.c: In function 'main':
conftest.c:82:20: error: expected expression before ')' token
 if (sizeof ((pid_t)))
                    ^
configure:16025: $? = 1
configure: failed program was:
| /* confdefs.h */
| #define PACKAGE_NAME "repkg_tools"
| #define PACKAGE_TARNAME "repkg_tools"
| #define PACKAGE_VERSION "1.0"
| #define PACKAGE_STRING "repkg_tools 1.0"
| #define PACKAGE_BUGREPORT "young_yang@sdmctech.com"
| #define PACKAGE_URL ""
| #define PACKAGE "repkg_tools"
| #define VERSION "1.0"
| #define HAVE_LIBPTHREAD 1
| #define HAVE_LIBZ 1
| #define STDC_HEADERS 1
| #define HAVE_SYS_TYPES_H 1
| #define HAVE_SYS_STAT_H 1
| #define HAVE_STDLIB_H 1
| #define HAVE_STRING_H 1
| #define HAVE_MEMORY_H 1
| #define HAVE_STRINGS_H 1
| #define HAVE_INTTYPES_H 1
| #define HAVE_STDINT_H 1
| #define HAVE_UNISTD_H 1
| #define HAVE_DLFCN_H 1
| #define LT_OBJDIR ".libs/"
| #define HAVE_ARPA_INET_H 1
| #define HAVE_FCNTL_H 1
| #define HAVE_INTTYPES_H 1
| #define HAVE_LIMITS_H 1
| #define HAVE_MALLOC_H 1
| #define HAVE_MNTENT_H 1
| #define HAVE_NETDB_H 1
| #define HAVE_NETINET_IN_H 1
| #define HAVE_STDDEF_H 1
| #define HAVE_STDINT_H 1
| #define HAVE_STDLIB_H 1
| #define HAVE_STRING_H 1
| #define HAVE_STRINGS_H 1
| #define HAVE_SYS_IOCTL_H 1
| #define HAVE_SYS_MOUNT_H 1
| #define HAVE_SYS_PARAM_H 1
| #define HAVE_SYS_SOCKET_H 1
| #define HAVE_SYS_TIME_H 1
| #define HAVE_SYS_VFS_H 1
| #define HAVE_UNISTD_H 1
| #define HAVE__BOOL 1
| /* end confdefs.h.  */
| #include <stdio.h>
| #ifdef HAVE_SYS_TYPES_H
| # include <sys/types.h>
| #endif
| #ifdef HAVE_SYS_STAT_H
| # include <sys/stat.h>
| #endif
| #ifdef STDC_HEADERS
| # include <stdlib.h>
| # include <stddef.h>
| #else
| # ifdef HAVE_STDLIB_H
| #  include <stdlib.h>
| # endif
| #endif
| #ifdef HAVE_STRING_H
| # if !defined STDC_HEADERS && defined HAVE_MEMORY_H
| #  include <memory.h>
| # endif
| # include <string.h>
| #endif
| #ifdef HAVE_STRINGS_H
| # include <strings.h>
| #endif
| #ifdef HAVE_INTTYPES_H
| # include <inttypes.h>
| #endif
| #ifdef HAVE_STDINT_H
| # include <stdint.h>
| #endif
| #ifdef HAVE_UNISTD_H
| # include <unistd.h>
| #endif
| int
| main ()
| {
| if (sizeof ((pid_t)))
| 	    return 0;
|   ;
|   return 0;
| }
configure:16025: result: yes
configure:16036: checking for size_t
configure:16036: gcc -c -g -O2  conftest.c >&5
configure:16036: $? = 0
configure:16036: gcc -c -g -O2  conftest.c >&5
conftest.c: In function 'main':
conftest.c:82:21: error: expected expression before ')' token
 if (sizeof ((size_t)))
                     ^
configure:16036: $? = 1
configure: failed program was:
| /* confdefs.h */
| #define PACKAGE_NAME "repkg_tools"
| #define PACKAGE_TARNAME "repkg_tools"
| #define PACKAGE_VERSION "1.0"
| #define PACKAGE_STRING "repkg_tools 1.0"
| #define PACKAGE_BUGREPORT "young_yang@sdmctech.com"
| #define PACKAGE_URL ""
| #define PACKAGE "repkg_tools"
| #define VERSION "1.0"
| #define HAVE_LIBPTHREAD 1
| #define HAVE_LIBZ 1
| #define STDC_HEADERS 1
| #define HAVE_SYS_TYPES_H 1
| #define HAVE_SYS_STAT_H 1
| #define HAVE_STDLIB_H 1
| #define HAVE_STRING_H 1
| #define HAVE_MEMORY_H 1
| #define HAVE_STRINGS_H 1
| #define HAVE_INTTYPES_H 1
| #define HAVE_STDINT_H 1
| #define HAVE_UNISTD_H 1
| #define HAVE_DLFCN_H 1
| #define LT_OBJDIR ".libs/"
| #define HAVE_ARPA_INET_H 1
| #define HAVE_FCNTL_H 1
| #define HAVE_INTTYPES_H 1
| #define HAVE_LIMITS_H 1
| #define HAVE_MALLOC_H 1
| #define HAVE_MNTENT_H 1
| #define HAVE_NETDB_H 1
| #define HAVE_NETINET_IN_H 1
| #define HAVE_STDDEF_H 1
| #define HAVE_STDINT_H 1
| #define HAVE_STDLIB_H 1
| #define HAVE_STRING_H 1
| #define HAVE_STRINGS_H 1
| #define HAVE_SYS_IOCTL_H 1
| #define HAVE_SYS_MOUNT_H 1
| #define HAVE_SYS_PARAM_H 1
| #define HAVE_SYS_SOCKET_H 1
| #define HAVE_SYS_TIME_H 1
| #define HAVE_SYS_VFS_H 1
| #define HAVE_UNISTD_H 1
| #define HAVE__BOOL 1
| /* end confdefs.h.  */
| #include <stdio.h>
| #ifdef HAVE_SYS_TYPES_H
| # include <sys/types.h>
| #endif
| #ifdef HAVE_SYS_STAT_H
| # include <sys/stat.h>
| #endif
| #ifdef STDC_HEADERS
| # include <stdlib.h>
| # include <stddef.h>
| #else
| # ifdef HAVE_STDLIB_H
| #  include <stdlib.h>
| # endif
| #endif
| #ifdef HAVE_STRING_H
| # if !defined STDC_HEADERS && defined HAVE_MEMORY_H
| #  include <memory.h>
| # endif
| # include <string.h>
| #endif
| #ifdef HAVE_STRINGS_H
| # include <strings.h>
| #endif
| #ifdef HAVE_INTTYPES_H
| # include <inttypes.h>
| #endif
| #ifdef HAVE_STDINT_H
| # include <stdint.h>
| #endif
| #ifdef HAVE_UNISTD_H
| # include <unistd.h>
| #endif
| int
| main ()
| {
| if (sizeof ((size_t)))
| 	    return 0;
|   ;
|   return 0;
| }
configure:16036: result: yes
configure:16047: checking for ssize_t
configure:16047: gcc -c -g -O2  conftest.c >&5
configure:16047: $? = 0
configure:16047: gcc -c -g -O2  conftest.c >&5
conftest.c: In function 'main':
conftest.c:82:22: error: expected expression before ')' token
 if (sizeof ((ssize_t)))
                      ^
configure:16047: $? = 1
configure: failed program was:
| /* confdefs.h */
| #define PACKAGE_NAME "repkg_tools"
| #define PACKAGE_TARNAME "repkg_tools"
| #define PACKAGE_VERSION "1.0"
| #define PACKAGE_STRING "repkg_tools 1.0"
| #define PACKAGE_BUGREPORT "young_yang@sdmctech.com"
| #define PACKAGE_URL ""
| #define PACKAGE "repkg_tools"
| #define VERSION "1.0"
| #define HAVE_LIBPTHREAD 1
| #define HAVE_LIBZ 1
| #define STDC_HEADERS 1
| #define HAVE_SYS_TYPES_H 1
| #define HAVE_SYS_STAT_H 1
| #define HAVE_STDLIB_H 1
| #define HAVE_STRING_H 1
| #define HAVE_MEMORY_H 1
| #define HAVE_STRINGS_H 1
| #define HAVE_INTTYPES_H 1
| #define HAVE_STDINT_H 1
| #define HAVE_UNISTD_H 1
| #define HAVE_DLFCN_H 1
| #define LT_OBJDIR ".libs/"
| #define HAVE_ARPA_INET_H 1
| #define HAVE_FCNTL_H 1
| #define HAVE_INTTYPES_H 1
| #define HAVE_LIMITS_H 1
| #define HAVE_MALLOC_H 1
| #define HAVE_MNTENT_H 1
| #define HAVE_NETDB_H 1
| #define HAVE_NETINET_IN_H 1
| #define HAVE_STDDEF_H 1
| #define HAVE_STDINT_H 1
| #define HAVE_STDLIB_H 1
| #define HAVE_STRING_H 1
| #define HAVE_STRINGS_H 1
| #define HAVE_SYS_IOCTL_H 1
| #define HAVE_SYS_MOUNT_H 1
| #define HAVE_SYS_PARAM_H 1
| #define HAVE_SYS_SOCKET_H 1
| #define HAVE_SYS_TIME_H 1
| #define HAVE_SYS_VFS_H 1
| #define HAVE_UNISTD_H 1
| #define HAVE__BOOL 1
| /* end confdefs.h.  */
| #include <stdio.h>
| #ifdef HAVE_SYS_TYPES_H
| # include <sys/types.h>
| #endif
| #ifdef HAVE_SYS_STAT_H
| # include <sys/stat.h>
| #endif
| #ifdef STDC_HEADERS
| # include <stdlib.h>
| # include <stddef.h>
| #else
| # ifdef HAVE_STDLIB_H
| #  include <stdlib.h>
| # endif
| #endif
| #ifdef HAVE_STRING_H
| # if !defined STDC_HEADERS && defined HAVE_MEMORY_H
| #  include <memory.h>
| # endif
| # include <string.h>
| #endif
| #ifdef HAVE_STRINGS_H
| # include <strings.h>
| #endif
| #ifdef HAVE_INTTYPES_H
| # include <inttypes.h>
| #endif
| #ifdef HAVE_STDINT_H
| # include <stdint.h>
| #endif
| #ifdef HAVE_UNISTD_H
| # include <unistd.h>
| #endif
| int
| main ()
| {
| if (sizeof ((ssize_t)))
| 	    return 0;
|   ;
|   return 0;
| }
configure:16047: result: yes
configure:16058: checking for struct stat.st_rdev
configure:16058: gcc -c -g -O2  conftest.c >&5
configure:16058: $? = 0
configure:16058: result: yes
configure:16068: checking for uint16_t
configure:16068: gcc -c -g -O2  conftest.c >&5
configure:16068: $? = 0
configure:16068: result: yes
configure:16080: checking for uint32_t
configure:16080: gcc -c -g -O2  conftest.c >&5
configure:16080: $? = 0
configure:16080: result: yes
configure:16094: checking for uint64_t
configure:16094: gcc -c -g -O2  conftest.c >&5
configure:16094: $? = 0
configure:16094: result: yes
configure:16108: checking for uint8_t
configure:16108: gcc -c -g -O2  conftest.c >&5
configure:16108: $? = 0
configure:16108: result: yes
configure:16122: checking for ptrdiff_t
configure:16122: gcc -c -g -O2  conftest.c >&5
configure:16122: $? = 0
configure:16122: gcc -c -g -O2  conftest.c >&5
conftest.c: In function 'main':
conftest.c:83:24: error: expected expression before ')' token
 if (sizeof ((ptrdiff_t)))
                        ^
configure:16122: $? = 1
configure: failed program was:
| /* confdefs.h */
| #define PACKAGE_NAME "repkg_tools"
| #define PACKAGE_TARNAME "repkg_tools"
| #define PACKAGE_VERSION "1.0"
| #define PACKAGE_STRING "repkg_tools 1.0"
| #define PACKAGE_BUGREPORT "young_yang@sdmctech.com"
| #define PACKAGE_URL ""
| #define PACKAGE "repkg_tools"
| #define VERSION "1.0"
| #define HAVE_LIBPTHREAD 1
| #define HAVE_LIBZ 1
| #define STDC_HEADERS 1
| #define HAVE_SYS_TYPES_H 1
| #define HAVE_SYS_STAT_H 1
| #define HAVE_STDLIB_H 1
| #define HAVE_STRING_H 1
| #define HAVE_MEMORY_H 1
| #define HAVE_STRINGS_H 1
| #define HAVE_INTTYPES_H 1
| #define HAVE_STDINT_H 1
| #define HAVE_UNISTD_H 1
| #define HAVE_DLFCN_H 1
| #define LT_OBJDIR ".libs/"
| #define HAVE_ARPA_INET_H 1
| #define HAVE_FCNTL_H 1
| #define HAVE_INTTYPES_H 1
| #define HAVE_LIMITS_H 1
| #define HAVE_MALLOC_H 1
| #define HAVE_MNTENT_H 1
| #define HAVE_NETDB_H 1
| #define HAVE_NETINET_IN_H 1
| #define HAVE_STDDEF_H 1
| #define HAVE_STDINT_H 1
| #define HAVE_STDLIB_H 1
| #define HAVE_STRING_H 1
| #define HAVE_STRINGS_H 1
| #define HAVE_SYS_IOCTL_H 1
| #define HAVE_SYS_MOUNT_H 1
| #define HAVE_SYS_PARAM_H 1
| #define HAVE_SYS_SOCKET_H 1
| #define HAVE_SYS_TIME_H 1
| #define HAVE_SYS_VFS_H 1
| #define HAVE_UNISTD_H 1
| #define HAVE__BOOL 1
| #define HAVE_STRUCT_STAT_ST_RDEV 1
| /* end confdefs.h.  */
| #include <stdio.h>
| #ifdef HAVE_SYS_TYPES_H
| # include <sys/types.h>
| #endif
| #ifdef HAVE_SYS_STAT_H
| # include <sys/stat.h>
| #endif
| #ifdef STDC_HEADERS
| # include <stdlib.h>
| # include <stddef.h>
| #else
| # ifdef HAVE_STDLIB_H
| #  include <stdlib.h>
| # endif
| #endif
| #ifdef HAVE_STRING_H
| # if !defined STDC_HEADERS && defined HAVE_MEMORY_H
| #  include <memory.h>
| # endif
| # include <string.h>
| #endif
| #ifdef HAVE_STRINGS_H
| # include <strings.h>
| #endif
| #ifdef HAVE_INTTYPES_H
| # include <inttypes.h>
| #endif
| #ifdef HAVE_STDINT_H
| # include <stdint.h>
| #endif
| #ifdef HAVE_UNISTD_H
| # include <unistd.h>
| #endif
| int
| main ()
| {
| if (sizeof ((ptrdiff_t)))
| 	    return 0;
|   ;
|   return 0;
| }
configure:16122: result: yes
configure:16136: checking for unistd.h
configure:16136: result: yes
configure:16146: checking for working chown
configure:16179: gcc -o conftest -g -O2   conftest.c -lz -lpthread  >&5
configure:16179: $? = 0
configure:16179: ./conftest
configure:16179: $? = 0
configure:16191: result: yes
configure:16199: checking for error_at_line
configure:16215: gcc -o conftest -g -O2   conftest.c -lz -lpthread  >&5
configure:16215: $? = 0
configure:16223: result: yes
configure:16236: checking vfork.h usability
configure:16236: gcc -c -g -O2  conftest.c >&5
conftest.c:83:19: fatal error: vfork.h: No such file or directory
 #include <vfork.h>
                   ^
compilation terminated.
configure:16236: $? = 1
configure: failed program was:
| /* confdefs.h */
| #define PACKAGE_NAME "repkg_tools"
| #define PACKAGE_TARNAME "repkg_tools"
| #define PACKAGE_VERSION "1.0"
| #define PACKAGE_STRING "repkg_tools 1.0"
| #define PACKAGE_BUGREPORT "young_yang@sdmctech.com"
| #define PACKAGE_URL ""
| #define PACKAGE "repkg_tools"
| #define VERSION "1.0"
| #define HAVE_LIBPTHREAD 1
| #define HAVE_LIBZ 1
| #define STDC_HEADERS 1
| #define HAVE_SYS_TYPES_H 1
| #define HAVE_SYS_STAT_H 1
| #define HAVE_STDLIB_H 1
| #define HAVE_STRING_H 1
| #define HAVE_MEMORY_H 1
| #define HAVE_STRINGS_H 1
| #define HAVE_INTTYPES_H 1
| #define HAVE_STDINT_H 1
| #define HAVE_UNISTD_H 1
| #define HAVE_DLFCN_H 1
| #define LT_OBJDIR ".libs/"
| #define HAVE_ARPA_INET_H 1
| #define HAVE_FCNTL_H 1
| #define HAVE_INTTYPES_H 1
| #define HAVE_LIMITS_H 1
| #define HAVE_MALLOC_H 1
| #define HAVE_MNTENT_H 1
| #define HAVE_NETDB_H 1
| #define HAVE_NETINET_IN_H 1
| #define HAVE_STDDEF_H 1
| #define HAVE_STDINT_H 1
| #define HAVE_STDLIB_H 1
| #define HAVE_STRING_H 1
| #define HAVE_STRINGS_H 1
| #define HAVE_SYS_IOCTL_H 1
| #define HAVE_SYS_MOUNT_H 1
| #define HAVE_SYS_PARAM_H 1
| #define HAVE_SYS_SOCKET_H 1
| #define HAVE_SYS_TIME_H 1
| #define HAVE_SYS_VFS_H 1
| #define HAVE_UNISTD_H 1
| #define HAVE__BOOL 1
| #define HAVE_STRUCT_STAT_ST_RDEV 1
| #define HAVE_PTRDIFF_T 1
| #define HAVE_UNISTD_H 1
| #define HAVE_CHOWN 1
| /* end confdefs.h.  */
| #include <stdio.h>
| #ifdef HAVE_SYS_TYPES_H
| # include <sys/types.h>
| #endif
| #ifdef HAVE_SYS_STAT_H
| # include <sys/stat.h>
| #endif
| #ifdef STDC_HEADERS
| # include <stdlib.h>
| # include <stddef.h>
| #else
| # ifdef HAVE_STDLIB_H
| #  include <stdlib.h>
| # endif
| #endif
| #ifdef HAVE_STRING_H
| # if !defined STDC_HEADERS && defined HAVE_MEMORY_H
| #  include <memory.h>
| # endif
| # include <string.h>
| #endif
| #ifdef HAVE_STRINGS_H
| # include <strings.h>
| #endif
| #ifdef HAVE_INTTYPES_H
| # include <inttypes.h>
| #endif
| #ifdef HAVE_STDINT_H
| # include <stdint.h>
| #endif
| #ifdef HAVE_UNISTD_H
| # include <unistd.h>
| #endif
| #include <vfork.h>
configure:16236: result: no
configure:16236: checking vfork.h presence
configure:16236: gcc -E  conftest.c
conftest.c:50:19: fatal error: vfork.h: No such file or directory
 #include <vfork.h>
                   ^
compilation terminated.
configure:16236: $? = 1
configure: failed program was:
| /* confdefs.h */
| #define PACKAGE_NAME "repkg_tools"
| #define PACKAGE_TARNAME "repkg_tools"
| #define PACKAGE_VERSION "1.0"
| #define PACKAGE_STRING "repkg_tools 1.0"
| #define PACKAGE_BUGREPORT "young_yang@sdmctech.com"
| #define PACKAGE_URL ""
| #define PACKAGE "repkg_tools"
| #define VERSION "1.0"
| #define HAVE_LIBPTHREAD 1
| #define HAVE_LIBZ 1
| #define STDC_HEADERS 1
| #define HAVE_SYS_TYPES_H 1
| #define HAVE_SYS_STAT_H 1
| #define HAVE_STDLIB_H 1
| #define HAVE_STRING_H 1
| #define HAVE_MEMORY_H 1
| #define HAVE_STRINGS_H 1
| #define HAVE_INTTYPES_H 1
| #define HAVE_STDINT_H 1
| #define HAVE_UNISTD_H 1
| #define HAVE_DLFCN_H 1
| #define LT_OBJDIR ".libs/"
| #define HAVE_ARPA_INET_H 1
| #define HAVE_FCNTL_H 1
| #define HAVE_INTTYPES_H 1
| #define HAVE_LIMITS_H 1
| #define HAVE_MALLOC_H 1
| #define HAVE_MNTENT_H 1
| #define HAVE_NETDB_H 1
| #define HAVE_NETINET_IN_H 1
| #define HAVE_STDDEF_H 1
| #define HAVE_STDINT_H 1
| #define HAVE_STDLIB_H 1
| #define HAVE_STRING_H 1
| #define HAVE_STRINGS_H 1
| #define HAVE_SYS_IOCTL_H 1
| #define HAVE_SYS_MOUNT_H 1
| #define HAVE_SYS_PARAM_H 1
| #define HAVE_SYS_SOCKET_H 1
| #define HAVE_SYS_TIME_H 1
| #define HAVE_SYS_VFS_H 1
| #define HAVE_UNISTD_H 1
| #define HAVE__BOOL 1
| #define HAVE_STRUCT_STAT_ST_RDEV 1
| #define HAVE_PTRDIFF_T 1
| #define HAVE_UNISTD_H 1
| #define HAVE_CHOWN 1
| /* end confdefs.h.  */
| #include <vfork.h>
configure:16236: result: no
configure:16236: checking for vfork.h
configure:16236: result: no
configure:16249: checking for fork
configure:16249: gcc -o conftest -g -O2   conftest.c -lz -lpthread  >&5
conftest.c:73:6: warning: conflicting types for built-in function 'fork' [enabled by default]
 char fork ();
      ^
configure:16249: $? = 0
configure:16249: result: yes
configure:16249: checking for vfork
configure:16249: gcc -o conftest -g -O2   conftest.c -lz -lpthread  >&5
configure:16249: $? = 0
configure:16249: result: yes
configure:16259: checking for working fork
configure:16281: gcc -o conftest -g -O2   conftest.c -lz -lpthread  >&5
configure:16281: $? = 0
configure:16281: ./conftest
configure:16281: $? = 0
configure:16291: result: yes
configure:16312: checking for working vfork
configure:16422: result: yes
configure:16447: checking for _LARGEFILE_SOURCE value needed for large files
configure:16466: gcc -o conftest -g -O2   conftest.c -lz -lpthread  >&5
configure:16466: $? = 0
configure:16494: result: no
configure:16515: checking type of array argument to getgroups
configure:16549: gcc -o conftest -g -O2   conftest.c -lz -lpthread  >&5
configure:16549: $? = 0
configure:16549: ./conftest
configure:16549: $? = 0
configure:16574: result: gid_t
configure:16582: checking for getgroups
configure:16582: gcc -o conftest -g -O2   conftest.c -lz -lpthread  >&5
configure:16582: $? = 0
configure:16582: result: yes
configure:16637: checking for working getgroups
configure:16657: gcc -o conftest -g -O2   conftest.c -lz -lpthread  >&5
configure:16657: $? = 0
configure:16657: ./conftest
configure:16657: $? = 0
configure:16668: result: yes
configure:16682: checking for library containing getmntent
configure:16713: gcc -o conftest -g -O2   conftest.c -lz -lpthread  >&5
configure:16713: $? = 0
configure:16730: result: none required
configure:16744: checking whether lstat correctly handles trailing slash
configure:16770: gcc -o conftest -g -O2   conftest.c -lz -lpthread  >&5
configure:16770: $? = 0
configure:16770: ./conftest
configure:16770: $? = 0
configure:16787: result: yes
configure:16806: checking whether sys/types.h defines makedev
configure:16822: gcc -o conftest -g -O2   conftest.c -lz -lpthread  >&5
configure:16822: $? = 0
configure:16831: result: yes
configure:16858: checking for stdlib.h
configure:16858: result: yes
configure:16868: checking for GNU libc compatible malloc
configure:16892: gcc -o conftest -g -O2   conftest.c -lz -lpthread  >&5
configure:16892: $? = 0
configure:16892: ./conftest
configure:16892: $? = 0
configure:16902: result: yes
configure:16923: checking whether time.h and sys/time.h may both be included
configure:16943: gcc -c -g -O2  conftest.c >&5
configure:16943: $? = 0
configure:16950: result: yes
configure:16964: checking for sys/time.h
configure:16964: result: yes
configure:16964: checking for unistd.h
configure:16964: result: yes
configure:16964: checking for stdlib.h
configure:16964: result: yes
configure:16964: checking for sys/param.h
configure:16964: result: yes
configure:16985: checking for alarm
configure:16985: gcc -o conftest -g -O2   conftest.c -lz -lpthread  >&5
configure:16985: $? = 0
configure:16985: result: yes
configure:16998: checking for working mktime
configure:17200: gcc -o conftest -g -O2   conftest.c -lz -lpthread  >&5
configure:17200: $? = 0
configure:17200: ./conftest
configure:17200: $? = 0
configure:17210: result: yes
configure:17228: checking for getpagesize
configure:17228: gcc -o conftest -g -O2   conftest.c -lz -lpthread  >&5
configure:17228: $? = 0
configure:17228: result: yes
configure:17237: checking for working mmap
configure:17384: gcc -o conftest -g -O2   conftest.c -lz -lpthread  >&5
configure:17384: $? = 0
configure:17384: ./conftest
configure:17384: $? = 0
configure:17394: result: yes
configure:17405: checking for stdlib.h
configure:17405: result: yes
configure:17415: checking for GNU libc compatible realloc
configure:17439: gcc -o conftest -g -O2   conftest.c -lz -lpthread  >&5
configure:17439: $? = 0
configure:17439: ./conftest
configure:17439: $? = 0
configure:17449: result: yes
configure:17471: checking minix/config.h usability
configure:17471: gcc -c -g -O2  conftest.c >&5
conftest.c:104:26: fatal error: minix/config.h: No such file or directory
 #include <minix/config.h>
                          ^
compilation terminated.
configure:17471: $? = 1
configure: failed program was:
| /* confdefs.h */
| #define PACKAGE_NAME "repkg_tools"
| #define PACKAGE_TARNAME "repkg_tools"
| #define PACKAGE_VERSION "1.0"
| #define PACKAGE_STRING "repkg_tools 1.0"
| #define PACKAGE_BUGREPORT "young_yang@sdmctech.com"
| #define PACKAGE_URL ""
| #define PACKAGE "repkg_tools"
| #define VERSION "1.0"
| #define HAVE_LIBPTHREAD 1
| #define HAVE_LIBZ 1
| #define STDC_HEADERS 1
| #define HAVE_SYS_TYPES_H 1
| #define HAVE_SYS_STAT_H 1
| #define HAVE_STDLIB_H 1
| #define HAVE_STRING_H 1
| #define HAVE_MEMORY_H 1
| #define HAVE_STRINGS_H 1
| #define HAVE_INTTYPES_H 1
| #define HAVE_STDINT_H 1
| #define HAVE_UNISTD_H 1
| #define HAVE_DLFCN_H 1
| #define LT_OBJDIR ".libs/"
| #define HAVE_ARPA_INET_H 1
| #define HAVE_FCNTL_H 1
| #define HAVE_INTTYPES_H 1
| #define HAVE_LIMITS_H 1
| #define HAVE_MALLOC_H 1
| #define HAVE_MNTENT_H 1
| #define HAVE_NETDB_H 1
| #define HAVE_NETINET_IN_H 1
| #define HAVE_STDDEF_H 1
| #define HAVE_STDINT_H 1
| #define HAVE_STDLIB_H 1
| #define HAVE_STRING_H 1
| #define HAVE_STRINGS_H 1
| #define HAVE_SYS_IOCTL_H 1
| #define HAVE_SYS_MOUNT_H 1
| #define HAVE_SYS_PARAM_H 1
| #define HAVE_SYS_SOCKET_H 1
| #define HAVE_SYS_TIME_H 1
| #define HAVE_SYS_VFS_H 1
| #define HAVE_UNISTD_H 1
| #define HAVE__BOOL 1
| #define HAVE_STRUCT_STAT_ST_RDEV 1
| #define HAVE_PTRDIFF_T 1
| #define HAVE_UNISTD_H 1
| #define HAVE_CHOWN 1
| #define HAVE_FORK 1
| #define HAVE_VFORK 1
| #define HAVE_WORKING_VFORK 1
| #define HAVE_WORKING_FORK 1
| #define HAVE_FSEEKO 1
| #define GETGROUPS_T gid_t
| #define HAVE_GETGROUPS 1
| #define HAVE_GETMNTENT 1
| #define LSTAT_FOLLOWS_SLASHED_SYMLINK 1
| #define HAVE_STDLIB_H 1
| #define HAVE_MALLOC 1
| #define TIME_WITH_SYS_TIME 1
| #define HAVE_SYS_TIME_H 1
| #define HAVE_UNISTD_H 1
| #define HAVE_STDLIB_H 1
| #define HAVE_SYS_PARAM_H 1
| #define HAVE_ALARM 1
| #define HAVE_GETPAGESIZE 1
| #define HAVE_MMAP 1
| #define HAVE_STDLIB_H 1
| #define HAVE_REALLOC 1
| /* end confdefs.h.  */
| #include <stdio.h>
| #ifdef HAVE_SYS_TYPES_H
| # include <sys/types.h>
| #endif
| #ifdef HAVE_SYS_STAT_H
| # include <sys/stat.h>
| #endif
| #ifdef STDC_HEADERS
| # include <stdlib.h>
| # include <stddef.h>
| #else
| # ifdef HAVE_STDLIB_H
| #  include <stdlib.h>
| # endif
| #endif
| #ifdef HAVE_STRING_H
| # if !defined STDC_HEADERS && defined HAVE_MEMORY_H
| #  include <memory.h>
| # endif
| # include <string.h>
| #endif
| #ifdef HAVE_STRINGS_H
| # include <strings.h>
| #endif
| #ifdef HAVE_INTTYPES_H
| # include <inttypes.h>
| #endif
| #ifdef HAVE_STDINT_H
| # include <stdint.h>
| #endif
| #ifdef HAVE_UNISTD_H
| # include <unistd.h>
| #endif
| #include <minix/config.h>
configure:17471: result: no
configure:17471: checking minix/config.h presence
configure:17471: gcc -E  conftest.c
conftest.c:71:26: fatal error: minix/config.h: No such file or directory
 #include <minix/config.h>
                          ^
compilation terminated.
configure:17471: $? = 1
configure: failed program was:
| /* confdefs.h */
| #define PACKAGE_NAME "repkg_tools"
| #define PACKAGE_TARNAME "repkg_tools"
| #define PACKAGE_VERSION "1.0"
| #define PACKAGE_STRING "repkg_tools 1.0"
| #define PACKAGE_BUGREPORT "young_yang@sdmctech.com"
| #define PACKAGE_URL ""
| #define PACKAGE "repkg_tools"
| #define VERSION "1.0"
| #define HAVE_LIBPTHREAD 1
| #define HAVE_LIBZ 1
| #define STDC_HEADERS 1
| #define HAVE_SYS_TYPES_H 1
| #define HAVE_SYS_STAT_H 1
| #define HAVE_STDLIB_H 1
| #define HAVE_STRING_H 1
| #define HAVE_MEMORY_H 1
| #define HAVE_STRINGS_H 1
| #define HAVE_INTTYPES_H 1
| #define HAVE_STDINT_H 1
| #define HAVE_UNISTD_H 1
| #define HAVE_DLFCN_H 1
| #define LT_OBJDIR ".libs/"
| #define HAVE_ARPA_INET_H 1
| #define HAVE_FCNTL_H 1
| #define HAVE_INTTYPES_H 1
| #define HAVE_LIMITS_H 1
| #define HAVE_MALLOC_H 1
| #define HAVE_MNTENT_H 1
| #define HAVE_NETDB_H 1
| #define HAVE_NETINET_IN_H 1
| #define HAVE_STDDEF_H 1
| #define HAVE_STDINT_H 1
| #define HAVE_STDLIB_H 1
| #define HAVE_STRING_H 1
| #define HAVE_STRINGS_H 1
| #define HAVE_SYS_IOCTL_H 1
| #define HAVE_SYS_MOUNT_H 1
| #define HAVE_SYS_PARAM_H 1
| #define HAVE_SYS_SOCKET_H 1
| #define HAVE_SYS_TIME_H 1
| #define HAVE_SYS_VFS_H 1
| #define HAVE_UNISTD_H 1
| #define HAVE__BOOL 1
| #define HAVE_STRUCT_STAT_ST_RDEV 1
| #define HAVE_PTRDIFF_T 1
| #define HAVE_UNISTD_H 1
| #define HAVE_CHOWN 1
| #define HAVE_FORK 1
| #define HAVE_VFORK 1
| #define HAVE_WORKING_VFORK 1
| #define HAVE_WORKING_FORK 1
| #define HAVE_FSEEKO 1
| #define GETGROUPS_T gid_t
| #define HAVE_GETGROUPS 1
| #define HAVE_GETMNTENT 1
| #define LSTAT_FOLLOWS_SLASHED_SYMLINK 1
| #define HAVE_STDLIB_H 1
| #define HAVE_MALLOC 1
| #define TIME_WITH_SYS_TIME 1
| #define HAVE_SYS_TIME_H 1
| #define HAVE_UNISTD_H 1
| #define HAVE_STDLIB_H 1
| #define HAVE_SYS_PARAM_H 1
| #define HAVE_ALARM 1
| #define HAVE_GETPAGESIZE 1
| #define HAVE_MMAP 1
| #define HAVE_STDLIB_H 1
| #define HAVE_REALLOC 1
| /* end confdefs.h.  */
| #include <minix/config.h>
configure:17471: result: no
configure:17471: checking for minix/config.h
configure:17471: result: no
configure:17492: checking whether it is safe to define __EXTENSIONS__
configure:17510: gcc -c -g -O2  conftest.c >&5
configure:17510: $? = 0
configure:17517: result: yes
configure:17531: checking for working strnlen
configure:17569: gcc -o conftest -g -O2   conftest.c -lz -lpthread  >&5
configure:17569: $? = 0
configure:17569: ./conftest
configure:17569: $? = 0
configure:17579: result: yes
configure:17591: checking for alarm
configure:17591: result: yes
configure:17591: checking for atexit
configure:17591: gcc -o conftest -g -O2   conftest.c -lz -lpthread  >&5
configure:17591: $? = 0
configure:17591: result: yes
configure:17591: checking for bzero
configure:17591: gcc -o conftest -g -O2   conftest.c -lz -lpthread  >&5
conftest.c:101:6: warning: conflicting types for built-in function 'bzero' [enabled by default]
 char bzero ();
      ^
configure:17591: $? = 0
configure:17591: result: yes
configure:17591: checking for clock_gettime
configure:17591: gcc -o conftest -g -O2   conftest.c -lz -lpthread  >&5
configure:17591: $? = 0
configure:17591: result: yes
configure:17591: checking for ftruncate
configure:17591: gcc -o conftest -g -O2   conftest.c -lz -lpthread  >&5
configure:17591: $? = 0
configure:17591: result: yes
configure:17591: checking for getmntent
configure:17591: result: yes
configure:17591: checking for gettimeofday
configure:17591: gcc -o conftest -g -O2   conftest.c -lz -lpthread  >&5
configure:17591: $? = 0
configure:17591: result: yes
configure:17591: checking for isascii
configure:17591: gcc -o conftest -g -O2   conftest.c -lz -lpthread  >&5
conftest.c:106:6: warning: conflicting types for built-in function 'isascii' [enabled by default]
 char isascii ();
      ^
configure:17591: $? = 0
configure:17591: result: yes
configure:17591: checking for localtime_r
configure:17591: gcc -o conftest -g -O2   conftest.c -lz -lpthread  >&5
configure:17591: $? = 0
configure:17591: result: yes
configure:17591: checking for memmove
configure:17591: gcc -o conftest -g -O2   conftest.c -lz -lpthread  >&5
conftest.c:108:6: warning: conflicting types for built-in function 'memmove' [enabled by default]
 char memmove ();
      ^
configure:17591: $? = 0
configure:17591: result: yes
configure:17591: checking for memset
configure:17591: gcc -o conftest -g -O2   conftest.c -lz -lpthread  >&5
conftest.c:109:6: warning: conflicting types for built-in function 'memset' [enabled by default]
 char memset ();
      ^
configure:17591: $? = 0
configure:17591: result: yes
configure:17591: checking for mkdir
configure:17591: gcc -o conftest -g -O2   conftest.c -lz -lpthread  >&5
configure:17591: $? = 0
configure:17591: result: yes
configure:17591: checking for munmap
configure:17591: gcc -o conftest -g -O2   conftest.c -lz -lpthread  >&5
configure:17591: $? = 0
configure:17591: result: yes
configure:17591: checking for realpath
configure:17591: gcc -o conftest -g -O2   conftest.c -lz -lpthread  >&5
configure:17591: $? = 0
configure:17591: result: yes
configure:17591: checking for regcomp
configure:17591: gcc -o conftest -g -O2   conftest.c -lz -lpthread  >&5
configure:17591: $? = 0
configure:17591: result: yes
configure:17591: checking for select
configure:17591: gcc -o conftest -g -O2   conftest.c -lz -lpthread  >&5
configure:17591: $? = 0
configure:17591: result: yes
configure:17591: checking for setenv
configure:17591: gcc -o conftest -g -O2   conftest.c -lz -lpthread  >&5
configure:17591: $? = 0
configure:17591: result: yes
configure:17591: checking for socket
configure:17591: gcc -o conftest -g -O2   conftest.c -lz -lpthread  >&5
configure:17591: $? = 0
configure:17591: result: yes
configure:17591: checking for sqrt
configure:17591: gcc -o conftest -g -O2   conftest.c -lz -lpthread  >&5
conftest.c:117:6: warning: conflicting types for built-in function 'sqrt' [enabled by default]
 char sqrt ();
      ^
/tmp/ccxRSqGZ.o: In function `main':
/home/yangyufeng/modules/linux/tmp/repkg_tools/conftest.c:128: undefined reference to `sqrt'
collect2: error: ld returned 1 exit status
configure:17591: $? = 1
configure: failed program was:
| /* confdefs.h */
| #define PACKAGE_NAME "repkg_tools"
| #define PACKAGE_TARNAME "repkg_tools"
| #define PACKAGE_VERSION "1.0"
| #define PACKAGE_STRING "repkg_tools 1.0"
| #define PACKAGE_BUGREPORT "young_yang@sdmctech.com"
| #define PACKAGE_URL ""
| #define PACKAGE "repkg_tools"
| #define VERSION "1.0"
| #define HAVE_LIBPTHREAD 1
| #define HAVE_LIBZ 1
| #define STDC_HEADERS 1
| #define HAVE_SYS_TYPES_H 1
| #define HAVE_SYS_STAT_H 1
| #define HAVE_STDLIB_H 1
| #define HAVE_STRING_H 1
| #define HAVE_MEMORY_H 1
| #define HAVE_STRINGS_H 1
| #define HAVE_INTTYPES_H 1
| #define HAVE_STDINT_H 1
| #define HAVE_UNISTD_H 1
| #define HAVE_DLFCN_H 1
| #define LT_OBJDIR ".libs/"
| #define HAVE_ARPA_INET_H 1
| #define HAVE_FCNTL_H 1
| #define HAVE_INTTYPES_H 1
| #define HAVE_LIMITS_H 1
| #define HAVE_MALLOC_H 1
| #define HAVE_MNTENT_H 1
| #define HAVE_NETDB_H 1
| #define HAVE_NETINET_IN_H 1
| #define HAVE_STDDEF_H 1
| #define HAVE_STDINT_H 1
| #define HAVE_STDLIB_H 1
| #define HAVE_STRING_H 1
| #define HAVE_STRINGS_H 1
| #define HAVE_SYS_IOCTL_H 1
| #define HAVE_SYS_MOUNT_H 1
| #define HAVE_SYS_PARAM_H 1
| #define HAVE_SYS_SOCKET_H 1
| #define HAVE_SYS_TIME_H 1
| #define HAVE_SYS_VFS_H 1
| #define HAVE_UNISTD_H 1
| #define HAVE__BOOL 1
| #define HAVE_STRUCT_STAT_ST_RDEV 1
| #define HAVE_PTRDIFF_T 1
| #define HAVE_UNISTD_H 1
| #define HAVE_CHOWN 1
| #define HAVE_FORK 1
| #define HAVE_VFORK 1
| #define HAVE_WORKING_VFORK 1
| #define HAVE_WORKING_FORK 1
| #define HAVE_FSEEKO 1
| #define GETGROUPS_T gid_t
| #define HAVE_GETGROUPS 1
| #define HAVE_GETMNTENT 1
| #define LSTAT_FOLLOWS_SLASHED_SYMLINK 1
| #define HAVE_STDLIB_H 1
| #define HAVE_MALLOC 1
| #define TIME_WITH_SYS_TIME 1
| #define HAVE_SYS_TIME_H 1
| #define HAVE_UNISTD_H 1
| #define HAVE_STDLIB_H 1
| #define HAVE_SYS_PARAM_H 1
| #define HAVE_ALARM 1
| #define HAVE_GETPAGESIZE 1
| #define HAVE_MMAP 1
| #define HAVE_STDLIB_H 1
| #define HAVE_REALLOC 1
| #define __EXTENSIONS__ 1
| #define _ALL_SOURCE 1
| #define _GNU_SOURCE 1
| #define _POSIX_PTHREAD_SEMANTICS 1
| #define _TANDEM_SOURCE 1
| #define HAVE_ALARM 1
| #define HAVE_ATEXIT 1
| #define HAVE_BZERO 1
| #define HAVE_CLOCK_GETTIME 1
| #define HAVE_FTRUNCATE 1
| #define HAVE_GETMNTENT 1
| #define HAVE_GETTIMEOFDAY 1
| #define HAVE_ISASCII 1
| #define HAVE_LOCALTIME_R 1
| #define HAVE_MEMMOVE 1
| #define HAVE_MEMSET 1
| #define HAVE_MKDIR 1
| #define HAVE_MUNMAP 1
| #define HAVE_REALPATH 1
| #define HAVE_REGCOMP 1
| #define HAVE_SELECT 1
| #define HAVE_SETENV 1
| #define HAVE_SOCKET 1
| /* end confdefs.h.  */
| /* Define sqrt to an innocuous variant, in case <limits.h> declares sqrt.
|    For example, HP-UX 11i <limits.h> declares gettimeofday.  */
| #define sqrt innocuous_sqrt
| 
| /* System header to define __stub macros and hopefully few prototypes,
|     which can conflict with char sqrt (); below.
|     Prefer <limits.h> to <assert.h> if __STDC__ is defined, since
|     <limits.h> exists even on freestanding compilers.  */
| 
| #ifdef __STDC__
| # include <limits.h>
| #else
| # include <assert.h>
| #endif
| 
| #undef sqrt
| 
| /* Override any GCC internal prototype to avoid an error.
|    Use char because int might match the return type of a GCC
|    builtin and then its argument prototype would still apply.  */
| #ifdef __cplusplus
| extern "C"
| #endif
| char sqrt ();
| /* The GNU C library defines this for functions which it implements
|     to always fail with ENOSYS.  Some functions are actually named
|     something starting with __ and the normal name is an alias.  */
| #if defined __stub_sqrt || defined __stub___sqrt
| choke me
| #endif
| 
| int
| main ()
| {
| return sqrt ();
|   ;
|   return 0;
| }
configure:17591: result: no
configure:17591: checking for strcasecmp
configure:17591: gcc -o conftest -g -O2   conftest.c -lz -lpthread  >&5
conftest.c:117:6: warning: conflicting types for built-in function 'strcasecmp' [enabled by default]
 char strcasecmp ();
      ^
configure:17591: $? = 0
configure:17591: result: yes
configure:17591: checking for strchr
configure:17591: gcc -o conftest -g -O2   conftest.c -lz -lpthread  >&5
conftest.c:118:6: warning: conflicting types for built-in function 'strchr' [enabled by default]
 char strchr ();
      ^
configure:17591: $? = 0
configure:17591: result: yes
configure:17591: checking for strcspn
configure:17591: gcc -o conftest -g -O2   conftest.c -lz -lpthread  >&5
conftest.c:119:6: warning: conflicting types for built-in function 'strcspn' [enabled by default]
 char strcspn ();
      ^
configure:17591: $? = 0
configure:17591: result: yes
configure:17591: checking for strdup
configure:17591: gcc -o conftest -g -O2   conftest.c -lz -lpthread  >&5
conftest.c:120:6: warning: conflicting types for built-in function 'strdup' [enabled by default]
 char strdup ();
      ^
configure:17591: $? = 0
configure:17591: result: yes
configure:17591: checking for strerror
configure:17591: gcc -o conftest -g -O2   conftest.c -lz -lpthread  >&5
configure:17591: $? = 0
configure:17591: result: yes
configure:17591: checking for strncasecmp
configure:17591: gcc -o conftest -g -O2   conftest.c -lz -lpthread  >&5
conftest.c:122:6: warning: conflicting types for built-in function 'strncasecmp' [enabled by default]
 char strncasecmp ();
      ^
configure:17591: $? = 0
configure:17591: result: yes
configure:17591: checking for strndup
configure:17591: gcc -o conftest -g -O2   conftest.c -lz -lpthread  >&5
conftest.c:123:6: warning: conflicting types for built-in function 'strndup' [enabled by default]
 char strndup ();
      ^
configure:17591: $? = 0
configure:17591: result: yes
configure:17591: checking for strpbrk
configure:17591: gcc -o conftest -g -O2   conftest.c -lz -lpthread  >&5
conftest.c:124:6: warning: conflicting types for built-in function 'strpbrk' [enabled by default]
 char strpbrk ();
      ^
configure:17591: $? = 0
configure:17591: result: yes
configure:17591: checking for strrchr
configure:17591: gcc -o conftest -g -O2   conftest.c -lz -lpthread  >&5
conftest.c:125:6: warning: conflicting types for built-in function 'strrchr' [enabled by default]
 char strrchr ();
      ^
configure:17591: $? = 0
configure:17591: result: yes
configure:17591: checking for strstr
configure:17591: gcc -o conftest -g -O2   conftest.c -lz -lpthread  >&5
conftest.c:126:6: warning: conflicting types for built-in function 'strstr' [enabled by default]
 char strstr ();
      ^
configure:17591: $? = 0
configure:17591: result: yes
configure:17591: checking for strtol
configure:17591: gcc -o conftest -g -O2   conftest.c -lz -lpthread  >&5
configure:17591: $? = 0
configure:17591: result: yes
configure:17591: checking for strtoul
configure:17591: gcc -o conftest -g -O2   conftest.c -lz -lpthread  >&5
configure:17591: $? = 0
configure:17591: result: yes
configure:17591: checking for strtoull
configure:17591: gcc -o conftest -g -O2   conftest.c -lz -lpthread  >&5
configure:17591: $? = 0
configure:17591: result: yes
configure:17591: checking for tzset
configure:17591: gcc -o conftest -g -O2   conftest.c -lz -lpthread  >&5
configure:17591: $? = 0
configure:17591: result: yes
configure:17714: checking that generated files are newer than configure
configure:17720: result: done
configure:17747: creating ./config.status

## ---------------------- ##
## Running config.status. ##
## ---------------------- ##

This file was extended by repkg_tools config.status 1.0, which was
generated by GNU Autoconf 2.69.  Invocation command line was

  CONFIG_FILES    = 
  CONFIG_HEADERS  = 
  CONFIG_LINKS    = 
  CONFIG_COMMANDS = 
  $ ./config.status 

on 121.7

config.status:1238: creating Makefile
config.status:1238: creating external/libselinux/Makefile
config.status:1238: creating external/zlib/src/Makefile
config.status:1238: creating external/sgs4ext4fs/Makefile
config.status:1238: creating system/core/libsparse/Makefile
config.status:1238: creating system/core/libcutils/Makefile
config.status:1238: creating system/core/liblog/Makefile
config.status:1238: creating system/core/libmincrypt/Makefile
config.status:1238: creating system/core/cpio/Makefile
config.status:1238: creating system/extras/ext4_utils/Makefile
config.status:1238: creating system/core/mkbootimg/Makefile
config.status:1238: creating config.h
config.status:1467: executing depfiles commands
config.status:1467: executing libtool commands

## ---------------- ##
## Cache variables. ##
## ---------------- ##

ac_cv_build=x86_64-unknown-linux-gnu
ac_cv_c_compiler_gnu=yes
ac_cv_c_inline=inline
ac_cv_c_int16_t=yes
ac_cv_c_int32_t=yes
ac_cv_c_int64_t=yes
ac_cv_c_int8_t=yes
ac_cv_c_uint16_t=yes
ac_cv_c_uint32_t=yes
ac_cv_c_uint64_t=yes
ac_cv_c_uint8_t=yes
ac_cv_cxx_compiler_gnu=yes
ac_cv_env_CCC_set=
ac_cv_env_CCC_value=
ac_cv_env_CC_set=
ac_cv_env_CC_value=
ac_cv_env_CFLAGS_set=
ac_cv_env_CFLAGS_value=
ac_cv_env_CPPFLAGS_set=
ac_cv_env_CPPFLAGS_value=
ac_cv_env_CPP_set=
ac_cv_env_CPP_value=
ac_cv_env_CXXCPP_set=
ac_cv_env_CXXCPP_value=
ac_cv_env_CXXFLAGS_set=
ac_cv_env_CXXFLAGS_value=
ac_cv_env_CXX_set=
ac_cv_env_CXX_value=
ac_cv_env_LDFLAGS_set=
ac_cv_env_LDFLAGS_value=
ac_cv_env_LIBS_set=
ac_cv_env_LIBS_value=
ac_cv_env_build_alias_set=
ac_cv_env_build_alias_value=
ac_cv_env_host_alias_set=
ac_cv_env_host_alias_value=
ac_cv_env_target_alias_set=
ac_cv_env_target_alias_value=
ac_cv_func_alarm=yes
ac_cv_func_atexit=yes
ac_cv_func_bzero=yes
ac_cv_func_chown_works=yes
ac_cv_func_clock_gettime=yes
ac_cv_func_fork=yes
ac_cv_func_fork_works=yes
ac_cv_func_ftruncate=yes
ac_cv_func_getgroups=yes
ac_cv_func_getgroups_works=yes
ac_cv_func_getmntent=yes
ac_cv_func_getpagesize=yes
ac_cv_func_gettimeofday=yes
ac_cv_func_isascii=yes
ac_cv_func_localtime_r=yes
ac_cv_func_lstat_dereferences_slashed_symlink=yes
ac_cv_func_malloc_0_nonnull=yes
ac_cv_func_memmove=yes
ac_cv_func_memset=yes
ac_cv_func_mkdir=yes
ac_cv_func_mmap_fixed_mapped=yes
ac_cv_func_munmap=yes
ac_cv_func_realloc_0_nonnull=yes
ac_cv_func_realpath=yes
ac_cv_func_regcomp=yes
ac_cv_func_select=yes
ac_cv_func_setenv=yes
ac_cv_func_socket=yes
ac_cv_func_sqrt=no
ac_cv_func_strcasecmp=yes
ac_cv_func_strchr=yes
ac_cv_func_strcspn=yes
ac_cv_func_strdup=yes
ac_cv_func_strerror=yes
ac_cv_func_strncasecmp=yes
ac_cv_func_strndup=yes
ac_cv_func_strnlen_working=yes
ac_cv_func_strpbrk=yes
ac_cv_func_strrchr=yes
ac_cv_func_strstr=yes
ac_cv_func_strtol=yes
ac_cv_func_strtoul=yes
ac_cv_func_strtoull=yes
ac_cv_func_tzset=yes
ac_cv_func_vfork=yes
ac_cv_func_vfork_works=yes
ac_cv_func_working_mktime=yes
ac_cv_header_arpa_inet_h=yes
ac_cv_header_dlfcn_h=yes
ac_cv_header_fcntl_h=yes
ac_cv_header_inttypes_h=yes
ac_cv_header_limits_h=yes
ac_cv_header_malloc_h=yes
ac_cv_header_memory_h=yes
ac_cv_header_minix_config_h=no
ac_cv_header_mntent_h=yes
ac_cv_header_netdb_h=yes
ac_cv_header_netinet_in_h=yes
ac_cv_header_stdbool_h=yes
ac_cv_header_stdc=yes
ac_cv_header_stddef_h=yes
ac_cv_header_stdint_h=yes
ac_cv_header_stdlib_h=yes
ac_cv_header_string_h=yes
ac_cv_header_strings_h=yes
ac_cv_header_sys_ioctl_h=yes
ac_cv_header_sys_mount_h=yes
ac_cv_header_sys_param_h=yes
ac_cv_header_sys_socket_h=yes
ac_cv_header_sys_stat_h=yes
ac_cv_header_sys_time_h=yes
ac_cv_header_sys_types_h=yes
ac_cv_header_sys_types_h_makedev=yes
ac_cv_header_sys_vfs_h=yes
ac_cv_header_time=yes
ac_cv_header_unistd_h=yes
ac_cv_header_vfork_h=no
ac_cv_host=x86_64-unknown-linux-gnu
ac_cv_lib_cutils_main=no
ac_cv_lib_error_at_line=yes
ac_cv_lib_log_main=no
ac_cv_lib_mincrypt_main=no
ac_cv_lib_pcre_main=no
ac_cv_lib_pthread_main=yes
ac_cv_lib_selinux_main=no
ac_cv_lib_sparse_main=no
ac_cv_lib_z_main=yes
ac_cv_member_struct_stat_st_rdev=yes
ac_cv_objext=o
ac_cv_path_EGREP='/bin/grep -E'
ac_cv_path_FGREP='/bin/grep -F'
ac_cv_path_GREP=/bin/grep
ac_cv_path_SED=/bin/sed
ac_cv_path_install='/usr/bin/install -c'
ac_cv_path_mkdir=/bin/mkdir
ac_cv_prog_AWK=gawk
ac_cv_prog_CPP='gcc -E'
ac_cv_prog_CXXCPP='g++ -E'
ac_cv_prog_ac_ct_AR=ar
ac_cv_prog_ac_ct_CC=gcc
ac_cv_prog_ac_ct_CXX=g++
ac_cv_prog_ac_ct_MANIFEST_TOOL=mt
ac_cv_prog_ac_ct_OBJDUMP=objdump
ac_cv_prog_ac_ct_RANLIB=ranlib
ac_cv_prog_ac_ct_STRIP=strip
ac_cv_prog_cc_c89=
ac_cv_prog_cc_g=yes
ac_cv_prog_cxx_g=yes
ac_cv_prog_make_make_set=yes
ac_cv_safe_to_define___extensions__=yes
ac_cv_search_getmntent='none required'
ac_cv_sys_largefile_source=no
ac_cv_type__Bool=yes
ac_cv_type_getgroups=gid_t
ac_cv_type_mode_t=yes
ac_cv_type_off_t=yes
ac_cv_type_pid_t=yes
ac_cv_type_ptrdiff_t=yes
ac_cv_type_size_t=yes
ac_cv_type_ssize_t=yes
ac_cv_type_uid_t=yes
am_cv_CC_dependencies_compiler_type=gcc3
am_cv_CXX_dependencies_compiler_type=gcc3
am_cv_make_support_nested_variables=yes
am_cv_prog_cc_c_o=yes
lt_cv_ar_at_file=@
lt_cv_archive_cmds_need_lc=no
lt_cv_deplibs_check_method=pass_all
lt_cv_file_magic_cmd='$MAGIC_CMD'
lt_cv_file_magic_test_file=
lt_cv_ld_reload_flag=-r
lt_cv_nm_interface='BSD nm'
lt_cv_objdir=.libs
lt_cv_path_LD=/usr/bin/ld
lt_cv_path_LDCXX='/usr/bin/ld -m elf_x86_64'
lt_cv_path_NM='/usr/bin/nm -B'
lt_cv_path_mainfest_tool=no
lt_cv_prog_compiler_c_o=yes
lt_cv_prog_compiler_c_o_CXX=yes
lt_cv_prog_compiler_pic='-fPIC -DPIC'
lt_cv_prog_compiler_pic_CXX='-fPIC -DPIC'
lt_cv_prog_compiler_pic_works=yes
lt_cv_prog_compiler_pic_works_CXX=yes
lt_cv_prog_compiler_rtti_exceptions=no
lt_cv_prog_compiler_static_works=yes
lt_cv_prog_compiler_static_works_CXX=yes
lt_cv_prog_gnu_ld=yes
lt_cv_prog_gnu_ldcxx=yes
lt_cv_sharedlib_from_linklib_cmd='printf %s\n'
lt_cv_shlibpath_overrides_runpath=no
lt_cv_sys_global_symbol_pipe='sed -n -e '\''s/^.*[	 ]\([ABCDGIRSTW][ABCDGIRSTW]*\)[	 ][	 ]*\([_A-Za-z][_A-Za-z0-9]*\)$/\1 \2 \2/p'\'' | sed '\''/ __gnu_lto/d'\'''
lt_cv_sys_global_symbol_to_c_name_address='sed -n -e '\''s/^: \([^ ]*\)[ ]*$/  {\"\1\", (void *) 0},/p'\'' -e '\''s/^[ABCDGIRSTW]* \([^ ]*\) \([^ ]*\)$/  {"\2", (void *) \&\2},/p'\'''
lt_cv_sys_global_symbol_to_c_name_address_lib_prefix='sed -n -e '\''s/^: \([^ ]*\)[ ]*$/  {\"\1\", (void *) 0},/p'\'' -e '\''s/^[ABCDGIRSTW]* \([^ ]*\) \(lib[^ ]*\)$/  {"\2", (void *) \&\2},/p'\'' -e '\''s/^[ABCDGIRSTW]* \([^ ]*\) \([^ ]*\)$/  {"lib\2", (void *) \&\2},/p'\'''
lt_cv_sys_global_symbol_to_cdecl='sed -n -e '\''s/^T .* \(.*\)$/extern int \1();/p'\'' -e '\''s/^[ABCDGIRSTW]* .* \(.*\)$/extern char \1;/p'\'''
lt_cv_sys_max_cmd_len=1572864
lt_cv_to_host_file_cmd=func_convert_file_noop
lt_cv_to_tool_file_cmd=func_convert_file_noop

## ----------------- ##
## Output variables. ##
## ----------------- ##

ACLOCAL='${SHELL} /home/yangyufeng/modules/linux/tmp/repkg_tools/missing aclocal-1.14'
AMDEPBACKSLASH='\'
AMDEP_FALSE='#'
AMDEP_TRUE=''
AMTAR='$${TAR-tar}'
AM_BACKSLASH='\'
AM_DEFAULT_V='$(AM_DEFAULT_VERBOSITY)'
AM_DEFAULT_VERBOSITY='1'
AM_V='$(V)'
AR='ar'
AUTOCONF='${SHELL} /home/yangyufeng/modules/linux/tmp/repkg_tools/missing autoconf'
AUTOHEADER='${SHELL} /home/yangyufeng/modules/linux/tmp/repkg_tools/missing autoheader'
AUTOMAKE='${SHELL} /home/yangyufeng/modules/linux/tmp/repkg_tools/missing automake-1.14'
AWK='gawk'
CC='gcc'
CCDEPMODE='depmode=gcc3'
CFLAGS='-g -O2'
CPP='gcc -E'
CPPFLAGS=''
CXX='g++'
CXXCPP='g++ -E'
CXXDEPMODE='depmode=gcc3'
CXXFLAGS='-g -O2'
CYGPATH_W='echo'
DEFS='-DHAVE_CONFIG_H'
DEPDIR='.deps'
DLLTOOL='false'
DSYMUTIL=''
DUMPBIN=''
ECHO_C=''
ECHO_N='-n'
ECHO_T=''
EGREP='/bin/grep -E'
EXEEXT=''
FGREP='/bin/grep -F'
GREP='/bin/grep'
INSTALL_DATA='${INSTALL} -m 644'
INSTALL_PROGRAM='${INSTALL}'
INSTALL_SCRIPT='${INSTALL}'
INSTALL_STRIP_PROGRAM='$(install_sh) -c -s'
LD='/usr/bin/ld -m elf_x86_64'
LDFLAGS=''
LIBOBJS=''
LIBS='-lz -lpthread '
LIBTOOL='$(SHELL) $(top_builddir)/libtool'
LIPO=''
LN_S='ln -s'
LTLIBOBJS=''
MAKEINFO='${SHELL} /home/yangyufeng/modules/linux/tmp/repkg_tools/missing makeinfo'
MANIFEST_TOOL=':'
MKDIR_P='/bin/mkdir -p'
NM='/usr/bin/nm -B'
NMEDIT=''
OBJDUMP='objdump'
OBJEXT='o'
OTOOL64=''
OTOOL=''
PACKAGE='repkg_tools'
PACKAGE_BUGREPORT='young_yang@sdmctech.com'
PACKAGE_NAME='repkg_tools'
PACKAGE_STRING='repkg_tools 1.0'
PACKAGE_TARNAME='repkg_tools'
PACKAGE_URL=''
PACKAGE_VERSION='1.0'
PATH_SEPARATOR=':'
RANLIB='ranlib'
SED='/bin/sed'
SET_MAKE=''
SHELL='/bin/sh'
STRIP='strip'
VERSION='1.0'
ac_ct_AR='ar'
ac_ct_CC='gcc'
ac_ct_CXX='g++'
ac_ct_DUMPBIN=''
am__EXEEXT_FALSE=''
am__EXEEXT_TRUE='#'
am__fastdepCC_FALSE='#'
am__fastdepCC_TRUE=''
am__fastdepCXX_FALSE='#'
am__fastdepCXX_TRUE=''
am__include='include'
am__isrc=''
am__leading_dot='.'
am__nodep='_no'
am__quote=''
am__tar='$${TAR-tar} chof - "$$tardir"'
am__untar='$${TAR-tar} xf -'
bindir='${exec_prefix}/bin'
build='x86_64-unknown-linux-gnu'
build_alias=''
build_cpu='x86_64'
build_os='linux-gnu'
build_vendor='unknown'
datadir='${datarootdir}'
datarootdir='${prefix}/share'
docdir='${datarootdir}/doc/${PACKAGE_TARNAME}'
dvidir='${docdir}'
exec_prefix='${prefix}'
host='x86_64-unknown-linux-gnu'
host_alias=''
host_cpu='x86_64'
host_os='linux-gnu'
host_vendor='unknown'
htmldir='${docdir}'
includedir='${prefix}/include'
infodir='${datarootdir}/info'
install_sh='${SHELL} /home/yangyufeng/modules/linux/tmp/repkg_tools/install-sh'
libdir='${exec_prefix}/lib'
libexecdir='${exec_prefix}/libexec'
localedir='${datarootdir}/locale'
localstatedir='${prefix}/var'
mandir='${datarootdir}/man'
mkdir_p='$(MKDIR_P)'
oldincludedir='/usr/include'
pdfdir='${docdir}'
prefix='/home/yangyufeng/modules/linux/tmp/repkg_tools/out'
program_transform_name='s,x,x,'
psdir='${docdir}'
sbindir='${exec_prefix}/sbin'
sharedstatedir='${prefix}/com'
sysconfdir='${prefix}/etc'
target_alias=''

## ----------- ##
## confdefs.h. ##
## ----------- ##

/* confdefs.h */
#define PACKAGE_NAME "repkg_tools"
#define PACKAGE_TARNAME "repkg_tools"
#define PACKAGE_VERSION "1.0"
#define PACKAGE_STRING "repkg_tools 1.0"
#define PACKAGE_BUGREPORT "young_yang@sdmctech.com"
#define PACKAGE_URL ""
#define PACKAGE "repkg_tools"
#define VERSION "1.0"
#define HAVE_LIBPTHREAD 1
#define HAVE_LIBZ 1
#define STDC_HEADERS 1
#define HAVE_SYS_TYPES_H 1
#define HAVE_SYS_STAT_H 1
#define HAVE_STDLIB_H 1
#define HAVE_STRING_H 1
#define HAVE_MEMORY_H 1
#define HAVE_STRINGS_H 1
#define HAVE_INTTYPES_H 1
#define HAVE_STDINT_H 1
#define HAVE_UNISTD_H 1
#define HAVE_DLFCN_H 1
#define LT_OBJDIR ".libs/"
#define HAVE_ARPA_INET_H 1
#define HAVE_FCNTL_H 1
#define HAVE_INTTYPES_H 1
#define HAVE_LIMITS_H 1
#define HAVE_MALLOC_H 1
#define HAVE_MNTENT_H 1
#define HAVE_NETDB_H 1
#define HAVE_NETINET_IN_H 1
#define HAVE_STDDEF_H 1
#define HAVE_STDINT_H 1
#define HAVE_STDLIB_H 1
#define HAVE_STRING_H 1
#define HAVE_STRINGS_H 1
#define HAVE_SYS_IOCTL_H 1
#define HAVE_SYS_MOUNT_H 1
#define HAVE_SYS_PARAM_H 1
#define HAVE_SYS_SOCKET_H 1
#define HAVE_SYS_TIME_H 1
#define HAVE_SYS_VFS_H 1
#define HAVE_UNISTD_H 1
#define HAVE__BOOL 1
#define HAVE_STRUCT_STAT_ST_RDEV 1
#define HAVE_PTRDIFF_T 1
#define HAVE_UNISTD_H 1
#define HAVE_CHOWN 1
#define HAVE_FORK 1
#define HAVE_VFORK 1
#define HAVE_WORKING_VFORK 1
#define HAVE_WORKING_FORK 1
#define HAVE_FSEEKO 1
#define GETGROUPS_T gid_t
#define HAVE_GETGROUPS 1
#define HAVE_GETMNTENT 1
#define LSTAT_FOLLOWS_SLASHED_SYMLINK 1
#define HAVE_STDLIB_H 1
#define HAVE_MALLOC 1
#define TIME_WITH_SYS_TIME 1
#define HAVE_SYS_TIME_H 1
#define HAVE_UNISTD_H 1
#define HAVE_STDLIB_H 1
#define HAVE_SYS_PARAM_H 1
#define HAVE_ALARM 1
#define HAVE_GETPAGESIZE 1
#define HAVE_MMAP 1
#define HAVE_STDLIB_H 1
#define HAVE_REALLOC 1
#define __EXTENSIONS__ 1
#define _ALL_SOURCE 1
#define _GNU_SOURCE 1
#define _POSIX_PTHREAD_SEMANTICS 1
#define _TANDEM_SOURCE 1
#define HAVE_ALARM 1
#define HAVE_ATEXIT 1
#define HAVE_BZERO 1
#define HAVE_CLOCK_GETTIME 1
#define HAVE_FTRUNCATE 1
#define HAVE_GETMNTENT 1
#define HAVE_GETTIMEOFDAY 1
#define HAVE_ISASCII 1
#define HAVE_LOCALTIME_R 1
#define HAVE_MEMMOVE 1
#define HAVE_MEMSET 1
#define HAVE_MKDIR 1
#define HAVE_MUNMAP 1
#define HAVE_REALPATH 1
#define HAVE_REGCOMP 1
#define HAVE_SELECT 1
#define HAVE_SETENV 1
#define HAVE_SOCKET 1
#define HAVE_STRCASECMP 1
#define HAVE_STRCHR 1
#define HAVE_STRCSPN 1
#define HAVE_STRDUP 1
#define HAVE_STRERROR 1
#define HAVE_STRNCASECMP 1
#define HAVE_STRNDUP 1
#define HAVE_STRPBRK 1
#define HAVE_STRRCHR 1
#define HAVE_STRSTR 1
#define HAVE_STRTOL 1
#define HAVE_STRTOUL 1
#define HAVE_STRTOULL 1
#define HAVE_TZSET 1

configure: exit 0
