This file contains any messages produced by compilers while
running configure, to aid debugging if configure makes a mistake.

It was created by applypatch configure applypatch, which was
generated by GNU Autoconf 2.69.  Invocation command line was

  $ ./configure --prefix=/home/yangyufeng/modules/linux/github/tmp/repkg_tools/out/

## --------- ##
## Platform. ##
## --------- ##

hostname = 121.7
uname -m = x86_64
uname -r = 3.13.0-32-generic
uname -s = Linux
uname -v = #57-Ubuntu SMP Tue Jul 15 03:51:08 UTC 2014

/usr/bin/uname -p = unknown
/bin/uname -X     = unknown

/bin/arch              = unknown
/usr/bin/arch -k       = unknown
/usr/convex/getsysinfo = unknown
/usr/bin/hostinfo      = unknown
/bin/machine           = unknown
/usr/bin/oslevel       = unknown
/bin/universe          = unknown

PATH: /home/root/bin/x86-arm/arm-hisiv200-linux/target/bin
PATH: /opt/jdk1.7.0_65/bin
PATH: /usr/local/sbin
PATH: /usr/local/bin
PATH: /usr/sbin
PATH: /usr/bin
PATH: /sbin
PATH: /bin
PATH: /usr/games
PATH: /usr/local/games
PATH: /opt/gnutools/arc2.3-p0/elf32-4.2.1/bin
PATH: /opt/gnutools/arc2.3-p0/uclibc-4.2.1/bin
PATH: .
PATH: /opt/arc-4.8-amlogic-20130904-r2/bin
PATH: /opt/CodeSourcery/Sourcery_G++_Lite/bin
PATH: /opt/CodeSourcery/Sourcery_G++_Lite/arm-none-eabi/bin
PATH: /opt/CodeSourcery/Sourcery_G++_Lite/arm-none-linux-gnueabi/bin
PATH: /opt/gcc-linaro-arm-linux-gnueabihf-4.9-2014.05_linux/bin
PATH: /opt/gcc-linaro-aarch64-linux-gnu-4.9-2014.09_linux/bin
PATH: /opt/gcc-linaro-aarch64-none-elf-4.8-2013.11_linux/bin


## ----------- ##
## Core tests. ##
## ----------- ##

configure:2348: checking for a BSD-compatible install
configure:2416: result: /usr/bin/install -c
configure:2427: checking whether build environment is sane
configure:2482: result: yes
configure:2633: checking for a thread-safe mkdir -p
configure:2672: result: /bin/mkdir -p
configure:2679: checking for gawk
configure:2695: found /usr/bin/gawk
configure:2706: result: gawk
configure:2717: checking whether make sets $(MAKE)
configure:2739: result: yes
configure:2768: checking whether make supports nested variables
configure:2785: result: yes
configure:2916: checking for gawk
configure:2943: result: gawk
configure:3012: checking for g++
configure:3028: found /usr/bin/g++
configure:3039: result: g++
configure:3066: checking for C++ compiler version
configure:3075: g++ --version >&5
g++-4.8.real (Ubuntu 4.8.4-2ubuntu1~14.04.3) 4.8.4
Copyright (C) 2013 Free Software Foundation, Inc.
This is free software; see the source for copying conditions.  There is NO
warranty; not even for MERCHANTABILITY or FITNESS FOR A PARTICULAR PURPOSE.

configure:3086: $? = 0
configure:3075: g++ -v >&5
Using built-in specs.
COLLECT_GCC=/usr/bin/g++-4.8.real
COLLECT_LTO_WRAPPER=/usr/lib/gcc/x86_64-linux-gnu/4.8/lto-wrapper
Target: x86_64-linux-gnu
Configured with: ../src/configure -v --with-pkgversion='Ubuntu 4.8.4-2ubuntu1~14.04.3' --with-bugurl=file:///usr/share/doc/gcc-4.8/README.Bugs --enable-languages=c,c++,java,go,d,fortran,objc,obj-c++ --prefix=/usr --program-suffix=-4.8 --enable-shared --enable-linker-build-id --libexecdir=/usr/lib --without-included-gettext --enable-threads=posix --with-gxx-include-dir=/usr/include/c++/4.8 --libdir=/usr/lib --enable-nls --with-sysroot=/ --enable-clocale=gnu --enable-libstdcxx-debug --enable-libstdcxx-time=yes --enable-gnu-unique-object --disable-libmudflap --enable-plugin --with-system-zlib --disable-browser-plugin --enable-java-awt=gtk --enable-gtk-cairo --with-java-home=/usr/lib/jvm/java-1.5.0-gcj-4.8-amd64/jre --enable-java-home --with-jvm-root-dir=/usr/lib/jvm/java-1.5.0-gcj-4.8-amd64 --with-jvm-jar-dir=/usr/lib/jvm-exports/java-1.5.0-gcj-4.8-amd64 --with-arch-directory=amd64 --with-ecj-jar=/usr/share/java/eclipse-ecj.jar --enable-objc-gc --enable-multiarch --disable-werror --with-arch-32=i686 --with-abi=m64 --with-multilib-list=m32,m64,mx32 --with-tune=generic --enable-checking=release --build=x86_64-linux-gnu --host=x86_64-linux-gnu --target=x86_64-linux-gnu
Thread model: posix
gcc version 4.8.4 (Ubuntu 4.8.4-2ubuntu1~14.04.3) 
configure:3086: $? = 0
configure:3075: g++ -V >&5
g++-4.8.real: error: unrecognized command line option '-V'
g++-4.8.real: fatal error: no input files
compilation terminated.
configure:3086: $? = 4
configure:3075: g++ -qversion >&5
g++-4.8.real: error: unrecognized command line option '-qversion'
g++-4.8.real: fatal error: no input files
compilation terminated.
configure:3086: $? = 4
configure:3106: checking whether the C++ compiler works
configure:3128: g++    conftest.cpp  >&5
configure:3132: $? = 0
configure:3180: result: yes
configure:3183: checking for C++ compiler default output file name
configure:3185: result: a.out
configure:3191: checking for suffix of executables
configure:3198: g++ -o conftest    conftest.cpp  >&5
configure:3202: $? = 0
configure:3224: result: 
configure:3246: checking whether we are cross compiling
configure:3254: g++ -o conftest    conftest.cpp  >&5
configure:3258: $? = 0
configure:3265: ./conftest
configure:3269: $? = 0
configure:3284: result: no
configure:3289: checking for suffix of object files
configure:3311: g++ -c   conftest.cpp >&5
configure:3315: $? = 0
configure:3336: result: o
configure:3340: checking whether we are using the GNU C++ compiler
configure:3359: g++ -c   conftest.cpp >&5
configure:3359: $? = 0
configure:3368: result: yes
configure:3377: checking whether g++ accepts -g
configure:3397: g++ -c -g  conftest.cpp >&5
configure:3397: $? = 0
configure:3438: result: yes
configure:3472: checking for style of include used by make
configure:3500: result: GNU
configure:3526: checking dependency style of g++
configure:3637: result: gcc3
configure:3700: checking for gcc
configure:3716: found /usr/bin/gcc
configure:3727: result: gcc
configure:3956: checking for C compiler version
configure:3965: gcc --version >&5
gcc-4.8.real (Ubuntu 4.8.4-2ubuntu1~14.04.3) 4.8.4
Copyright (C) 2013 Free Software Foundation, Inc.
This is free software; see the source for copying conditions.  There is NO
warranty; not even for MERCHANTABILITY or FITNESS FOR A PARTICULAR PURPOSE.

configure:3976: $? = 0
configure:3965: gcc -v >&5
Using built-in specs.
COLLECT_GCC=/usr/bin/gcc-4.8.real
COLLECT_LTO_WRAPPER=/usr/lib/gcc/x86_64-linux-gnu/4.8/lto-wrapper
Target: x86_64-linux-gnu
Configured with: ../src/configure -v --with-pkgversion='Ubuntu 4.8.4-2ubuntu1~14.04.3' --with-bugurl=file:///usr/share/doc/gcc-4.8/README.Bugs --enable-languages=c,c++,java,go,d,fortran,objc,obj-c++ --prefix=/usr --program-suffix=-4.8 --enable-shared --enable-linker-build-id --libexecdir=/usr/lib --without-included-gettext --enable-threads=posix --with-gxx-include-dir=/usr/include/c++/4.8 --libdir=/usr/lib --enable-nls --with-sysroot=/ --enable-clocale=gnu --enable-libstdcxx-debug --enable-libstdcxx-time=yes --enable-gnu-unique-object --disable-libmudflap --enable-plugin --with-system-zlib --disable-browser-plugin --enable-java-awt=gtk --enable-gtk-cairo --with-java-home=/usr/lib/jvm/java-1.5.0-gcj-4.8-amd64/jre --enable-java-home --with-jvm-root-dir=/usr/lib/jvm/java-1.5.0-gcj-4.8-amd64 --with-jvm-jar-dir=/usr/lib/jvm-exports/java-1.5.0-gcj-4.8-amd64 --with-arch-directory=amd64 --with-ecj-jar=/usr/share/java/eclipse-ecj.jar --enable-objc-gc --enable-multiarch --disable-werror --with-arch-32=i686 --with-abi=m64 --with-multilib-list=m32,m64,mx32 --with-tune=generic --enable-checking=release --build=x86_64-linux-gnu --host=x86_64-linux-gnu --target=x86_64-linux-gnu
Thread model: posix
gcc version 4.8.4 (Ubuntu 4.8.4-2ubuntu1~14.04.3) 
configure:3976: $? = 0
configure:3965: gcc -V >&5
gcc-4.8.real: error: unrecognized command line option '-V'
gcc-4.8.real: fatal error: no input files
compilation terminated.
configure:3976: $? = 4
configure:3965: gcc -qversion >&5
gcc-4.8.real: error: unrecognized command line option '-qversion'
gcc-4.8.real: fatal error: no input files
compilation terminated.
configure:3976: $? = 4
configure:3980: checking whether we are using the GNU C compiler
configure:3999: gcc -c   conftest.c >&5
configure:3999: $? = 0
configure:4008: result: yes
configure:4017: checking whether gcc accepts -g
configure:4037: gcc -c -g  conftest.c >&5
configure:4037: $? = 0
configure:4078: result: yes
configure:4095: checking for gcc option to accept ISO C89
configure:4158: gcc  -c -g -O2  conftest.c >&5
configure:4158: $? = 0
configure:4171: result: none needed
configure:4196: checking whether gcc understands -c and -o together
configure:4218: gcc -c conftest.c -o conftest2.o
configure:4221: $? = 0
configure:4218: gcc -c conftest.c -o conftest2.o
configure:4221: $? = 0
configure:4233: result: yes
configure:4252: checking dependency style of gcc
configure:4363: result: gcc3
configure:4388: checking how to run the C preprocessor
configure:4419: gcc -E  conftest.c
configure:4419: $? = 0
configure:4433: gcc -E  conftest.c
conftest.c:11:28: fatal error: ac_nonexistent.h: No such file or directory
 #include <ac_nonexistent.h>
                            ^
compilation terminated.
configure:4433: $? = 1
configure: failed program was:
| /* confdefs.h */
| #define PACKAGE_NAME "applypatch"
| #define PACKAGE_TARNAME "applypatch"
| #define PACKAGE_VERSION "applypatch"
| #define PACKAGE_STRING "applypatch applypatch"
| #define PACKAGE_BUGREPORT "BUG-REPORT-ADDRESS"
| #define PACKAGE_URL ""
| #define PACKAGE "applypatch"
| #define VERSION "1.0"
| /* end confdefs.h.  */
| #include <ac_nonexistent.h>
configure:4458: result: gcc -E
configure:4478: gcc -E  conftest.c
configure:4478: $? = 0
configure:4492: gcc -E  conftest.c
conftest.c:11:28: fatal error: ac_nonexistent.h: No such file or directory
 #include <ac_nonexistent.h>
                            ^
compilation terminated.
configure:4492: $? = 1
configure: failed program was:
| /* confdefs.h */
| #define PACKAGE_NAME "applypatch"
| #define PACKAGE_TARNAME "applypatch"
| #define PACKAGE_VERSION "applypatch"
| #define PACKAGE_STRING "applypatch applypatch"
| #define PACKAGE_BUGREPORT "BUG-REPORT-ADDRESS"
| #define PACKAGE_URL ""
| #define PACKAGE "applypatch"
| #define VERSION "1.0"
| /* end confdefs.h.  */
| #include <ac_nonexistent.h>
configure:4521: checking for grep that handles long lines and -e
configure:4579: result: /bin/grep
configure:4584: checking for egrep
configure:4646: result: /bin/grep -E
configure:4651: checking for ANSI C header files
configure:4671: gcc -c -g -O2  conftest.c >&5
configure:4671: $? = 0
configure:4744: gcc -o conftest -g -O2   conftest.c  >&5
configure:4744: $? = 0
configure:4744: ./conftest
configure:4744: $? = 0
configure:4755: result: yes
configure:4768: checking for sys/types.h
configure:4768: gcc -c -g -O2  conftest.c >&5
configure:4768: $? = 0
configure:4768: result: yes
configure:4768: checking for sys/stat.h
configure:4768: gcc -c -g -O2  conftest.c >&5
configure:4768: $? = 0
configure:4768: result: yes
configure:4768: checking for stdlib.h
configure:4768: gcc -c -g -O2  conftest.c >&5
configure:4768: $? = 0
configure:4768: result: yes
configure:4768: checking for string.h
configure:4768: gcc -c -g -O2  conftest.c >&5
configure:4768: $? = 0
configure:4768: result: yes
configure:4768: checking for memory.h
configure:4768: gcc -c -g -O2  conftest.c >&5
configure:4768: $? = 0
configure:4768: result: yes
configure:4768: checking for strings.h
configure:4768: gcc -c -g -O2  conftest.c >&5
configure:4768: $? = 0
configure:4768: result: yes
configure:4768: checking for inttypes.h
configure:4768: gcc -c -g -O2  conftest.c >&5
configure:4768: $? = 0
configure:4768: result: yes
configure:4768: checking for stdint.h
configure:4768: gcc -c -g -O2  conftest.c >&5
configure:4768: $? = 0
configure:4768: result: yes
configure:4768: checking for unistd.h
configure:4768: gcc -c -g -O2  conftest.c >&5
configure:4768: $? = 0
configure:4768: result: yes
configure:4783: checking fcntl.h usability
configure:4783: gcc -c -g -O2  conftest.c >&5
configure:4783: $? = 0
configure:4783: result: yes
configure:4783: checking fcntl.h presence
configure:4783: gcc -E  conftest.c
configure:4783: $? = 0
configure:4783: result: yes
configure:4783: checking for fcntl.h
configure:4783: result: yes
configure:4783: checking for inttypes.h
configure:4783: result: yes
configure:4783: checking for stdlib.h
configure:4783: result: yes
configure:4783: checking for string.h
configure:4783: result: yes
configure:4783: checking sys/statfs.h usability
configure:4783: gcc -c -g -O2  conftest.c >&5
configure:4783: $? = 0
configure:4783: result: yes
configure:4783: checking sys/statfs.h presence
configure:4783: gcc -E  conftest.c
configure:4783: $? = 0
configure:4783: result: yes
configure:4783: checking for sys/statfs.h
configure:4783: result: yes
configure:4783: checking for unistd.h
configure:4783: result: yes
configure:4795: checking for stdbool.h that conforms to C99
configure:4862: gcc -c -g -O2  conftest.c >&5
configure:4862: $? = 0
configure:4869: result: yes
configure:4871: checking for _Bool
configure:4871: gcc -c -g -O2  conftest.c >&5
configure:4871: $? = 0
configure:4871: gcc -c -g -O2  conftest.c >&5
conftest.c: In function 'main':
conftest.c:63:20: error: expected expression before ')' token
 if (sizeof ((_Bool)))
                    ^
configure:4871: $? = 1
configure: failed program was:
| /* confdefs.h */
| #define PACKAGE_NAME "applypatch"
| #define PACKAGE_TARNAME "applypatch"
| #define PACKAGE_VERSION "applypatch"
| #define PACKAGE_STRING "applypatch applypatch"
| #define PACKAGE_BUGREPORT "BUG-REPORT-ADDRESS"
| #define PACKAGE_URL ""
| #define PACKAGE "applypatch"
| #define VERSION "1.0"
| #define STDC_HEADERS 1
| #define HAVE_SYS_TYPES_H 1
| #define HAVE_SYS_STAT_H 1
| #define HAVE_STDLIB_H 1
| #define HAVE_STRING_H 1
| #define HAVE_MEMORY_H 1
| #define HAVE_STRINGS_H 1
| #define HAVE_INTTYPES_H 1
| #define HAVE_STDINT_H 1
| #define HAVE_UNISTD_H 1
| #define HAVE_FCNTL_H 1
| #define HAVE_INTTYPES_H 1
| #define HAVE_STDLIB_H 1
| #define HAVE_STRING_H 1
| #define HAVE_SYS_STATFS_H 1
| #define HAVE_UNISTD_H 1
| /* end confdefs.h.  */
| #include <stdio.h>
| #ifdef HAVE_SYS_TYPES_H
| # include <sys/types.h>
| #endif
| #ifdef HAVE_SYS_STAT_H
| # include <sys/stat.h>
| #endif
| #ifdef STDC_HEADERS
| # include <stdlib.h>
| # include <stddef.h>
| #else
| # ifdef HAVE_STDLIB_H
| #  include <stdlib.h>
| # endif
| #endif
| #ifdef HAVE_STRING_H
| # if !defined STDC_HEADERS && defined HAVE_MEMORY_H
| #  include <memory.h>
| # endif
| # include <string.h>
| #endif
| #ifdef HAVE_STRINGS_H
| # include <strings.h>
| #endif
| #ifdef HAVE_INTTYPES_H
| # include <inttypes.h>
| #endif
| #ifdef HAVE_STDINT_H
| # include <stdint.h>
| #endif
| #ifdef HAVE_UNISTD_H
| # include <unistd.h>
| #endif
| int
| main ()
| {
| if (sizeof ((_Bool)))
| 	    return 0;
|   ;
|   return 0;
| }
configure:4871: result: yes
configure:4882: checking for off_t
configure:4882: gcc -c -g -O2  conftest.c >&5
configure:4882: $? = 0
configure:4882: gcc -c -g -O2  conftest.c >&5
conftest.c: In function 'main':
conftest.c:64:20: error: expected expression before ')' token
 if (sizeof ((off_t)))
                    ^
configure:4882: $? = 1
configure: failed program was:
| /* confdefs.h */
| #define PACKAGE_NAME "applypatch"
| #define PACKAGE_TARNAME "applypatch"
| #define PACKAGE_VERSION "applypatch"
| #define PACKAGE_STRING "applypatch applypatch"
| #define PACKAGE_BUGREPORT "BUG-REPORT-ADDRESS"
| #define PACKAGE_URL ""
| #define PACKAGE "applypatch"
| #define VERSION "1.0"
| #define STDC_HEADERS 1
| #define HAVE_SYS_TYPES_H 1
| #define HAVE_SYS_STAT_H 1
| #define HAVE_STDLIB_H 1
| #define HAVE_STRING_H 1
| #define HAVE_MEMORY_H 1
| #define HAVE_STRINGS_H 1
| #define HAVE_INTTYPES_H 1
| #define HAVE_STDINT_H 1
| #define HAVE_UNISTD_H 1
| #define HAVE_FCNTL_H 1
| #define HAVE_INTTYPES_H 1
| #define HAVE_STDLIB_H 1
| #define HAVE_STRING_H 1
| #define HAVE_SYS_STATFS_H 1
| #define HAVE_UNISTD_H 1
| #define HAVE__BOOL 1
| /* end confdefs.h.  */
| #include <stdio.h>
| #ifdef HAVE_SYS_TYPES_H
| # include <sys/types.h>
| #endif
| #ifdef HAVE_SYS_STAT_H
| # include <sys/stat.h>
| #endif
| #ifdef STDC_HEADERS
| # include <stdlib.h>
| # include <stddef.h>
| #else
| # ifdef HAVE_STDLIB_H
| #  include <stdlib.h>
| # endif
| #endif
| #ifdef HAVE_STRING_H
| # if !defined STDC_HEADERS && defined HAVE_MEMORY_H
| #  include <memory.h>
| # endif
| # include <string.h>
| #endif
| #ifdef HAVE_STRINGS_H
| # include <strings.h>
| #endif
| #ifdef HAVE_INTTYPES_H
| # include <inttypes.h>
| #endif
| #ifdef HAVE_STDINT_H
| # include <stdint.h>
| #endif
| #ifdef HAVE_UNISTD_H
| # include <unistd.h>
| #endif
| int
| main ()
| {
| if (sizeof ((off_t)))
| 	    return 0;
|   ;
|   return 0;
| }
configure:4882: result: yes
configure:4893: checking for size_t
configure:4893: gcc -c -g -O2  conftest.c >&5
configure:4893: $? = 0
configure:4893: gcc -c -g -O2  conftest.c >&5
conftest.c: In function 'main':
conftest.c:64:21: error: expected expression before ')' token
 if (sizeof ((size_t)))
                     ^
configure:4893: $? = 1
configure: failed program was:
| /* confdefs.h */
| #define PACKAGE_NAME "applypatch"
| #define PACKAGE_TARNAME "applypatch"
| #define PACKAGE_VERSION "applypatch"
| #define PACKAGE_STRING "applypatch applypatch"
| #define PACKAGE_BUGREPORT "BUG-REPORT-ADDRESS"
| #define PACKAGE_URL ""
| #define PACKAGE "applypatch"
| #define VERSION "1.0"
| #define STDC_HEADERS 1
| #define HAVE_SYS_TYPES_H 1
| #define HAVE_SYS_STAT_H 1
| #define HAVE_STDLIB_H 1
| #define HAVE_STRING_H 1
| #define HAVE_MEMORY_H 1
| #define HAVE_STRINGS_H 1
| #define HAVE_INTTYPES_H 1
| #define HAVE_STDINT_H 1
| #define HAVE_UNISTD_H 1
| #define HAVE_FCNTL_H 1
| #define HAVE_INTTYPES_H 1
| #define HAVE_STDLIB_H 1
| #define HAVE_STRING_H 1
| #define HAVE_SYS_STATFS_H 1
| #define HAVE_UNISTD_H 1
| #define HAVE__BOOL 1
| /* end confdefs.h.  */
| #include <stdio.h>
| #ifdef HAVE_SYS_TYPES_H
| # include <sys/types.h>
| #endif
| #ifdef HAVE_SYS_STAT_H
| # include <sys/stat.h>
| #endif
| #ifdef STDC_HEADERS
| # include <stdlib.h>
| # include <stddef.h>
| #else
| # ifdef HAVE_STDLIB_H
| #  include <stdlib.h>
| # endif
| #endif
| #ifdef HAVE_STRING_H
| # if !defined STDC_HEADERS && defined HAVE_MEMORY_H
| #  include <memory.h>
| # endif
| # include <string.h>
| #endif
| #ifdef HAVE_STRINGS_H
| # include <strings.h>
| #endif
| #ifdef HAVE_INTTYPES_H
| # include <inttypes.h>
| #endif
| #ifdef HAVE_STDINT_H
| # include <stdint.h>
| #endif
| #ifdef HAVE_UNISTD_H
| # include <unistd.h>
| #endif
| int
| main ()
| {
| if (sizeof ((size_t)))
| 	    return 0;
|   ;
|   return 0;
| }
configure:4893: result: yes
configure:4904: checking for ssize_t
configure:4904: gcc -c -g -O2  conftest.c >&5
configure:4904: $? = 0
configure:4904: gcc -c -g -O2  conftest.c >&5
conftest.c: In function 'main':
conftest.c:64:22: error: expected expression before ')' token
 if (sizeof ((ssize_t)))
                      ^
configure:4904: $? = 1
configure: failed program was:
| /* confdefs.h */
| #define PACKAGE_NAME "applypatch"
| #define PACKAGE_TARNAME "applypatch"
| #define PACKAGE_VERSION "applypatch"
| #define PACKAGE_STRING "applypatch applypatch"
| #define PACKAGE_BUGREPORT "BUG-REPORT-ADDRESS"
| #define PACKAGE_URL ""
| #define PACKAGE "applypatch"
| #define VERSION "1.0"
| #define STDC_HEADERS 1
| #define HAVE_SYS_TYPES_H 1
| #define HAVE_SYS_STAT_H 1
| #define HAVE_STDLIB_H 1
| #define HAVE_STRING_H 1
| #define HAVE_MEMORY_H 1
| #define HAVE_STRINGS_H 1
| #define HAVE_INTTYPES_H 1
| #define HAVE_STDINT_H 1
| #define HAVE_UNISTD_H 1
| #define HAVE_FCNTL_H 1
| #define HAVE_INTTYPES_H 1
| #define HAVE_STDLIB_H 1
| #define HAVE_STRING_H 1
| #define HAVE_SYS_STATFS_H 1
| #define HAVE_UNISTD_H 1
| #define HAVE__BOOL 1
| /* end confdefs.h.  */
| #include <stdio.h>
| #ifdef HAVE_SYS_TYPES_H
| # include <sys/types.h>
| #endif
| #ifdef HAVE_SYS_STAT_H
| # include <sys/stat.h>
| #endif
| #ifdef STDC_HEADERS
| # include <stdlib.h>
| # include <stddef.h>
| #else
| # ifdef HAVE_STDLIB_H
| #  include <stdlib.h>
| # endif
| #endif
| #ifdef HAVE_STRING_H
| # if !defined STDC_HEADERS && defined HAVE_MEMORY_H
| #  include <memory.h>
| # endif
| # include <string.h>
| #endif
| #ifdef HAVE_STRINGS_H
| # include <strings.h>
| #endif
| #ifdef HAVE_INTTYPES_H
| # include <inttypes.h>
| #endif
| #ifdef HAVE_STDINT_H
| # include <stdint.h>
| #endif
| #ifdef HAVE_UNISTD_H
| # include <unistd.h>
| #endif
| int
| main ()
| {
| if (sizeof ((ssize_t)))
| 	    return 0;
|   ;
|   return 0;
| }
configure:4904: result: yes
configure:4915: checking for uint8_t
configure:4915: gcc -c -g -O2  conftest.c >&5
configure:4915: $? = 0
configure:4915: result: yes
configure:4931: checking for uid_t in sys/types.h
configure:4950: result: yes
configure:4963: checking for unistd.h
configure:4963: result: yes
configure:4973: checking for working chown
configure:5006: gcc -o conftest -g -O2   conftest.c  >&5
configure:5006: $? = 0
configure:5006: ./conftest
configure:5006: $? = 0
configure:5018: result: yes
configure:5026: checking for _LARGEFILE_SOURCE value needed for large files
configure:5045: gcc -o conftest -g -O2   conftest.c  >&5
configure:5045: $? = 0
configure:5073: result: no
configure:5096: checking for stdlib.h
configure:5096: result: yes
configure:5106: checking for GNU libc compatible malloc
configure:5130: gcc -o conftest -g -O2   conftest.c  >&5
configure:5130: $? = 0
configure:5130: ./conftest
configure:5130: $? = 0
configure:5140: result: yes
configure:5163: checking for stdlib.h
configure:5163: result: yes
configure:5173: checking for GNU libc compatible realloc
configure:5197: gcc -o conftest -g -O2   conftest.c  >&5
configure:5197: $? = 0
configure:5197: ./conftest
configure:5197: $? = 0
configure:5207: result: yes
configure:5231: checking for memset
configure:5231: gcc -o conftest -g -O2   conftest.c  >&5
conftest.c:58:6: warning: conflicting types for built-in function 'memset' [enabled by default]
 char memset ();
      ^
configure:5231: $? = 0
configure:5231: result: yes
configure:5231: checking for strchr
configure:5231: gcc -o conftest -g -O2   conftest.c  >&5
conftest.c:59:6: warning: conflicting types for built-in function 'strchr' [enabled by default]
 char strchr ();
      ^
configure:5231: $? = 0
configure:5231: result: yes
configure:5231: checking for strerror
configure:5231: gcc -o conftest -g -O2   conftest.c  >&5
configure:5231: $? = 0
configure:5231: result: yes
configure:5231: checking for strtol
configure:5231: gcc -o conftest -g -O2   conftest.c  >&5
configure:5231: $? = 0
configure:5231: result: yes
configure:5352: checking that generated files are newer than configure
configure:5358: result: done
configure:5385: creating ./config.status

## ---------------------- ##
## Running config.status. ##
## ---------------------- ##

This file was extended by applypatch config.status applypatch, which was
generated by GNU Autoconf 2.69.  Invocation command line was

  CONFIG_FILES    = 
  CONFIG_HEADERS  = 
  CONFIG_LINKS    = 
  CONFIG_COMMANDS = 
  $ ./config.status 

on 121.7

config.status:876: creating Makefile
config.status:876: creating config.h
config.status:1057: config.h is unchanged
config.status:1105: executing depfiles commands

## ---------------- ##
## Cache variables. ##
## ---------------- ##

ac_cv_c_compiler_gnu=yes
ac_cv_c_uint8_t=yes
ac_cv_cxx_compiler_gnu=yes
ac_cv_env_CCC_set=
ac_cv_env_CCC_value=
ac_cv_env_CC_set=
ac_cv_env_CC_value=
ac_cv_env_CFLAGS_set=
ac_cv_env_CFLAGS_value=
ac_cv_env_CPPFLAGS_set=
ac_cv_env_CPPFLAGS_value=
ac_cv_env_CPP_set=
ac_cv_env_CPP_value=
ac_cv_env_CXXFLAGS_set=
ac_cv_env_CXXFLAGS_value=
ac_cv_env_CXX_set=
ac_cv_env_CXX_value=
ac_cv_env_LDFLAGS_set=
ac_cv_env_LDFLAGS_value=
ac_cv_env_LIBS_set=
ac_cv_env_LIBS_value=
ac_cv_env_build_alias_set=
ac_cv_env_build_alias_value=
ac_cv_env_host_alias_set=
ac_cv_env_host_alias_value=
ac_cv_env_target_alias_set=
ac_cv_env_target_alias_value=
ac_cv_func_chown_works=yes
ac_cv_func_malloc_0_nonnull=yes
ac_cv_func_memset=yes
ac_cv_func_realloc_0_nonnull=yes
ac_cv_func_strchr=yes
ac_cv_func_strerror=yes
ac_cv_func_strtol=yes
ac_cv_header_fcntl_h=yes
ac_cv_header_inttypes_h=yes
ac_cv_header_memory_h=yes
ac_cv_header_stdbool_h=yes
ac_cv_header_stdc=yes
ac_cv_header_stdint_h=yes
ac_cv_header_stdlib_h=yes
ac_cv_header_string_h=yes
ac_cv_header_strings_h=yes
ac_cv_header_sys_stat_h=yes
ac_cv_header_sys_statfs_h=yes
ac_cv_header_sys_types_h=yes
ac_cv_header_unistd_h=yes
ac_cv_objext=o
ac_cv_path_EGREP='/bin/grep -E'
ac_cv_path_GREP=/bin/grep
ac_cv_path_install='/usr/bin/install -c'
ac_cv_path_mkdir=/bin/mkdir
ac_cv_prog_AWK=gawk
ac_cv_prog_CPP='gcc -E'
ac_cv_prog_ac_ct_CC=gcc
ac_cv_prog_ac_ct_CXX=g++
ac_cv_prog_cc_c89=
ac_cv_prog_cc_g=yes
ac_cv_prog_cxx_g=yes
ac_cv_prog_make_make_set=yes
ac_cv_sys_largefile_source=no
ac_cv_type__Bool=yes
ac_cv_type_off_t=yes
ac_cv_type_size_t=yes
ac_cv_type_ssize_t=yes
ac_cv_type_uid_t=yes
am_cv_CC_dependencies_compiler_type=gcc3
am_cv_CXX_dependencies_compiler_type=gcc3
am_cv_make_support_nested_variables=yes
am_cv_prog_cc_c_o=yes

## ----------------- ##
## Output variables. ##
## ----------------- ##

ACLOCAL='${SHELL} /home/yangyufeng/modules/linux/github/tmp/repkg_tools/bootable/recovery/applypatch/missing aclocal-1.14'
AMDEPBACKSLASH='\'
AMDEP_FALSE='#'
AMDEP_TRUE=''
AMTAR='$${TAR-tar}'
AM_BACKSLASH='\'
AM_DEFAULT_V='$(AM_DEFAULT_VERBOSITY)'
AM_DEFAULT_VERBOSITY='1'
AM_V='$(V)'
AUTOCONF='${SHELL} /home/yangyufeng/modules/linux/github/tmp/repkg_tools/bootable/recovery/applypatch/missing autoconf'
AUTOHEADER='${SHELL} /home/yangyufeng/modules/linux/github/tmp/repkg_tools/bootable/recovery/applypatch/missing autoheader'
AUTOMAKE='${SHELL} /home/yangyufeng/modules/linux/github/tmp/repkg_tools/bootable/recovery/applypatch/missing automake-1.14'
AWK='gawk'
CC='gcc'
CCDEPMODE='depmode=gcc3'
CFLAGS='-g -O2'
CPP='gcc -E'
CPPFLAGS=''
CXX='g++'
CXXDEPMODE='depmode=gcc3'
CXXFLAGS='-g -O2'
CYGPATH_W='echo'
DEFS='-DHAVE_CONFIG_H'
DEPDIR='.deps'
ECHO_C=''
ECHO_N='-n'
ECHO_T=''
EGREP='/bin/grep -E'
EXEEXT=''
GREP='/bin/grep'
INSTALL_DATA='${INSTALL} -m 644'
INSTALL_PROGRAM='${INSTALL}'
INSTALL_SCRIPT='${INSTALL}'
INSTALL_STRIP_PROGRAM='$(install_sh) -c -s'
LDFLAGS=''
LIBOBJS=''
LIBS=''
LTLIBOBJS=''
MAKEINFO='${SHELL} /home/yangyufeng/modules/linux/github/tmp/repkg_tools/bootable/recovery/applypatch/missing makeinfo'
MKDIR_P='/bin/mkdir -p'
OBJEXT='o'
PACKAGE='applypatch'
PACKAGE_BUGREPORT='BUG-REPORT-ADDRESS'
PACKAGE_NAME='applypatch'
PACKAGE_STRING='applypatch applypatch'
PACKAGE_TARNAME='applypatch'
PACKAGE_URL=''
PACKAGE_VERSION='applypatch'
PATH_SEPARATOR=':'
SET_MAKE=''
SHELL='/bin/sh'
STRIP=''
VERSION='1.0'
ac_ct_CC='gcc'
ac_ct_CXX='g++'
am__EXEEXT_FALSE=''
am__EXEEXT_TRUE='#'
am__fastdepCC_FALSE='#'
am__fastdepCC_TRUE=''
am__fastdepCXX_FALSE='#'
am__fastdepCXX_TRUE=''
am__include='include'
am__isrc=''
am__leading_dot='.'
am__nodep='_no'
am__quote=''
am__tar='$${TAR-tar} chof - "$$tardir"'
am__untar='$${TAR-tar} xf -'
bindir='${exec_prefix}/bin'
build_alias=''
datadir='${datarootdir}'
datarootdir='${prefix}/share'
docdir='${datarootdir}/doc/${PACKAGE_TARNAME}'
dvidir='${docdir}'
exec_prefix='${prefix}'
host_alias=''
htmldir='${docdir}'
includedir='${prefix}/include'
infodir='${datarootdir}/info'
install_sh='${SHELL} /home/yangyufeng/modules/linux/github/tmp/repkg_tools/bootable/recovery/applypatch/install-sh'
libdir='${exec_prefix}/lib'
libexecdir='${exec_prefix}/libexec'
localedir='${datarootdir}/locale'
localstatedir='${prefix}/var'
mandir='${datarootdir}/man'
mkdir_p='$(MKDIR_P)'
oldincludedir='/usr/include'
pdfdir='${docdir}'
prefix='/home/yangyufeng/modules/linux/github/tmp/repkg_tools/out'
program_transform_name='s,x,x,'
psdir='${docdir}'
sbindir='${exec_prefix}/sbin'
sharedstatedir='${prefix}/com'
sysconfdir='${prefix}/etc'
target_alias=''

## ----------- ##
## confdefs.h. ##
## ----------- ##

/* confdefs.h */
#define PACKAGE_NAME "applypatch"
#define PACKAGE_TARNAME "applypatch"
#define PACKAGE_VERSION "applypatch"
#define PACKAGE_STRING "applypatch applypatch"
#define PACKAGE_BUGREPORT "BUG-REPORT-ADDRESS"
#define PACKAGE_URL ""
#define PACKAGE "applypatch"
#define VERSION "1.0"
#define STDC_HEADERS 1
#define HAVE_SYS_TYPES_H 1
#define HAVE_SYS_STAT_H 1
#define HAVE_STDLIB_H 1
#define HAVE_STRING_H 1
#define HAVE_MEMORY_H 1
#define HAVE_STRINGS_H 1
#define HAVE_INTTYPES_H 1
#define HAVE_STDINT_H 1
#define HAVE_UNISTD_H 1
#define HAVE_FCNTL_H 1
#define HAVE_INTTYPES_H 1
#define HAVE_STDLIB_H 1
#define HAVE_STRING_H 1
#define HAVE_SYS_STATFS_H 1
#define HAVE_UNISTD_H 1
#define HAVE__BOOL 1
#define HAVE_UNISTD_H 1
#define HAVE_CHOWN 1
#define HAVE_FSEEKO 1
#define HAVE_STDLIB_H 1
#define HAVE_MALLOC 1
#define HAVE_STDLIB_H 1
#define HAVE_REALLOC 1
#define HAVE_MEMSET 1
#define HAVE_STRCHR 1
#define HAVE_STRERROR 1
#define HAVE_STRTOL 1

configure: exit 0
